crit search on 0.006 volfrac thorium
using default requested amount of memory, None 
0
using default requested amount of memory, None 
0
827744.necluster.engr.utk.edu

827745.necluster.engr.utk.edu

827775.necluster.engr.utk.edu

attempted PuGaF volume fractions and reactivities:
volfracs:
[0.001, 0.002, 0.001255026614083796]
reactivities:
[-0.05384072251319932, 0.15727733160294283, 0.0326200518515652]
827790.necluster.engr.utk.edu

attempted PuGaF volume fractions and reactivities:
volfracs:
[0.001, 0.002, 0.001255026614083796, 0.0010600835628228516]
reactivities:
[-0.05384072251319932, 0.15727733160294283, 0.0326200518515652, -0.02924814452290749]
827806.necluster.engr.utk.edu

attempted PuGaF volume fractions and reactivities:
volfracs:
[0.001, 0.002, 0.001255026614083796, 0.0010600835628228516, 0.0011522427475274704]
reactivities:
[-0.05384072251319932, 0.15727733160294283, 0.0326200518515652, -0.02924814452290749, 0.00354737135796565]
827821.necluster.engr.utk.edu

attempted PuGaF volume fractions and reactivities:
volfracs:
[0.001, 0.002, 0.001255026614083796, 0.0010600835628228516, 0.0011522427475274704, 0.001142274224593355]
reactivities:
[-0.05384072251319932, 0.15727733160294283, 0.0326200518515652, -0.02924814452290749, 0.00354737135796565, -0.001140298800333581]
827832.necluster.engr.utk.edu

attempted PuGaF volume fractions and reactivities:
volfracs:
[0.001, 0.002, 0.001255026614083796, 0.0010600835628228516, 0.0011522427475274704, 0.001142274224593355, 0.0011446991167805207]
reactivities:
[-0.05384072251319932, 0.15727733160294283, 0.0326200518515652, -0.02924814452290749, 0.00354737135796565, -0.001140298800333581, 0.0007294674887331223]
job started at Mon Dec 26 15:56:00 2016 and ended at Mon Dec 26 17:24:19 2016
