crit search on 0.01 volfrac thorium
using default requested amount of memory, None 
0
using default requested amount of memory, None 
0
827748.necluster.engr.utk.edu

827749.necluster.engr.utk.edu

827777.necluster.engr.utk.edu

attempted PuGaF volume fractions and reactivities:
volfracs:
[0.001, 0.002, 0.001361570900580069]
reactivities:
[-0.07968974035621122, 0.14070891514500541, 0.03884045712747864]
827798.necluster.engr.utk.edu

attempted PuGaF volume fractions and reactivities:
volfracs:
[0.001, 0.002, 0.001361570900580069, 0.001118150331077699]
reactivities:
[-0.07968974035621122, 0.14070891514500541, 0.03884045712747864, -0.03272178991340624]
827813.necluster.engr.utk.edu

attempted PuGaF volume fractions and reactivities:
volfracs:
[0.001, 0.002, 0.001361570900580069, 0.001118150331077699, 0.0012294542247537543]
reactivities:
[-0.07968974035621122, 0.14070891514500541, 0.03884045712747864, -0.03272178991340624, 0.003209664879089333]
827828.necluster.engr.utk.edu

attempted PuGaF volume fractions and reactivities:
volfracs:
[0.001, 0.002, 0.001361570900580069, 0.001118150331077699, 0.0012294542247537543, 0.0012195117328479563]
reactivities:
[-0.07968974035621122, 0.14070891514500541, 0.03884045712747864, -0.03272178991340624, 0.003209664879089333, 0.0007194819729795086]
job started at Mon Dec 26 15:56:07 2016 and ended at Mon Dec 26 17:16:44 2016
