crit search on 0.115 volfrac thorium
using default requested amount of memory, None 
0
using default requested amount of memory, None 
0
827459.necluster.engr.utk.edu

827460.necluster.engr.utk.edu

827468.necluster.engr.utk.edu

attempted PuGaF volume fractions and reactivities:
volfracs:
[0.001, 0.002, 0.002465876612950385]
reactivities:
[-0.7160635561298647, -0.22757526877760517, 0.21968272299516986]
827472.necluster.engr.utk.edu

attempted PuGaF volume fractions and reactivities:
volfracs:
[0.001, 0.002, 0.002465876612950385, 0.0022370488562745406]
reactivities:
[-0.7160635561298647, -0.22757526877760517, 0.21968272299516986, 0.20437276727107812]
got negative pufrc, damping.
827477.necluster.engr.utk.edu

attempted PuGaF volume fractions and reactivities:
volfracs:
[0.001, 0.002, 0.002465876612950385, 0.0022370488562745406, 0.0020133439706470865]
reactivities:
[-0.7160635561298647, -0.22757526877760517, 0.21968272299516986, 0.20437276727107812, 0.18506385024733313]
got negative pufrc, damping.
827482.necluster.engr.utk.edu

attempted PuGaF volume fractions and reactivities:
volfracs:
[0.001, 0.002, 0.002465876612950385, 0.0022370488562745406, 0.0020133439706470865, 0.0018120095735823778]
reactivities:
[-0.7160635561298647, -0.22757526877760517, 0.21968272299516986, 0.20437276727107812, 0.18506385024733313, 0.16380968308386987]
827487.necluster.engr.utk.edu

attempted PuGaF volume fractions and reactivities:
volfracs:
[0.001, 0.002, 0.002465876612950385, 0.0022370488562745406, 0.0020133439706470865, 0.0018120095735823778, 0.00026028922042044505]
reactivities:
[-0.7160635561298647, -0.22757526877760517, 0.21968272299516986, 0.20437276727107812, 0.18506385024733313, 0.16380968308386987, -1.1589132894066445]
827492.necluster.engr.utk.edu

attempted PuGaF volume fractions and reactivities:
volfracs:
[0.001, 0.002, 0.002465876612950385, 0.0022370488562745406, 0.0020133439706470865, 0.0018120095735823778, 0.00026028922042044505, 0.001619840219475186]
reactivities:
[-0.7160635561298647, -0.22757526877760517, 0.21968272299516986, 0.20437276727107812, 0.18506385024733313, 0.16380968308386987, -1.1589132894066445, 0.1380722123100527]
827497.necluster.engr.utk.edu

attempted PuGaF volume fractions and reactivities:
volfracs:
[0.001, 0.002, 0.002465876612950385, 0.0022370488562745406, 0.0020133439706470865, 0.0018120095735823778, 0.00026028922042044505, 0.001619840219475186, 0.0014751075189636013]
reactivities:
[-0.7160635561298647, -0.22757526877760517, 0.21968272299516986, 0.20437276727107812, 0.18506385024733313, 0.16380968308386987, -1.1589132894066445, 0.1380722123100527, 0.11447218114357062]
827502.necluster.engr.utk.edu

attempted PuGaF volume fractions and reactivities:
volfracs:
[0.001, 0.002, 0.002465876612950385, 0.0022370488562745406, 0.0020133439706470865, 0.0018120095735823778, 0.00026028922042044505, 0.001619840219475186, 0.0014751075189636013, 0.0007730801447840792]
reactivities:
[-0.7160635561298647, -0.22757526877760517, 0.21968272299516986, 0.20437276727107812, 0.18506385024733313, 0.16380968308386987, -1.1589132894066445, 0.1380722123100527, 0.11447218114357062, -0.1301337739348206]
827507.necluster.engr.utk.edu

attempted PuGaF volume fractions and reactivities:
volfracs:
[0.001, 0.002, 0.002465876612950385, 0.0022370488562745406, 0.0020133439706470865, 0.0018120095735823778, 0.00026028922042044505, 0.001619840219475186, 0.0014751075189636013, 0.0007730801447840792, 0.0011465684827039612]
reactivities:
[-0.7160635561298647, -0.22757526877760517, 0.21968272299516986, 0.20437276727107812, 0.18506385024733313, 0.16380968308386987, -1.1589132894066445, 0.1380722123100527, 0.11447218114357062, -0.1301337739348206, 0.03742491914369323]
827512.necluster.engr.utk.edu

attempted PuGaF volume fractions and reactivities:
volfracs:
[0.001, 0.002, 0.002465876612950385, 0.0022370488562745406, 0.0020133439706470865, 0.0018120095735823778, 0.00026028922042044505, 0.001619840219475186, 0.0014751075189636013, 0.0007730801447840792, 0.0011465684827039612, 0.001063148335465081]
reactivities:
[-0.7160635561298647, -0.22757526877760517, 0.21968272299516986, 0.20437276727107812, 0.18506385024733313, 0.16380968308386987, -1.1589132894066445, 0.1380722123100527, 0.11447218114357062, -0.1301337739348206, 0.03742491914369323, 0.010948796819211246]
827517.necluster.engr.utk.edu

attempted PuGaF volume fractions and reactivities:
volfracs:
[0.001, 0.002, 0.002465876612950385, 0.0022370488562745406, 0.0020133439706470865, 0.0018120095735823778, 0.00026028922042044505, 0.001619840219475186, 0.0014751075189636013, 0.0007730801447840792, 0.0011465684827039612, 0.001063148335465081, 0.0010286512051242594]
reactivities:
[-0.7160635561298647, -0.22757526877760517, 0.21968272299516986, 0.20437276727107812, 0.18506385024733313, 0.16380968308386987, -1.1589132894066445, 0.1380722123100527, 0.11447218114357062, -0.1301337739348206, 0.03742491914369323, 0.010948796819211246, -0.0013067052503517097]
827522.necluster.engr.utk.edu

attempted PuGaF volume fractions and reactivities:
volfracs:
[0.001, 0.002, 0.002465876612950385, 0.0022370488562745406, 0.0020133439706470865, 0.0018120095735823778, 0.00026028922042044505, 0.001619840219475186, 0.0014751075189636013, 0.0007730801447840792, 0.0011465684827039612, 0.001063148335465081, 0.0010286512051242594, 0.0010323293556465762]
reactivities:
[-0.7160635561298647, -0.22757526877760517, 0.21968272299516986, 0.20437276727107812, 0.18506385024733313, 0.16380968308386987, -1.1589132894066445, 0.1380722123100527, 0.11447218114357062, -0.1301337739348206, 0.03742491914369323, 0.010948796819211246, -0.0013067052503517097, -0.0005402917575490614]
job started at Fri Dec 23 11:27:40 2016 and ended at Fri Dec 23 16:20:26 2016
