crit search on 0.03 volfrac thorium
using default requested amount of memory, None 
0
using default requested amount of memory, None 
0
827752.necluster.engr.utk.edu

827753.necluster.engr.utk.edu

827778.necluster.engr.utk.edu

attempted PuGaF volume fractions and reactivities:
volfracs:
[0.001, 0.002, 0.001754383283458858]
reactivities:
[-0.2021383637213876, 0.06581344294455595, 0.028956516672816568]
827797.necluster.engr.utk.edu

attempted PuGaF volume fractions and reactivities:
volfracs:
[0.001, 0.002, 0.001754383283458858, 0.0015614153594597413]
reactivities:
[-0.2021383637213876, 0.06581344294455595, 0.028956516672816568, -0.008502686146904519]
827809.necluster.engr.utk.edu

attempted PuGaF volume fractions and reactivities:
volfracs:
[0.001, 0.002, 0.001754383283458858, 0.0015614153594597413, 0.0016052162300249956]
reactivities:
[-0.2021383637213876, 0.06581344294455595, 0.028956516672816568, -0.008502686146904519, 0.0012185134136353637]
827820.necluster.engr.utk.edu

attempted PuGaF volume fractions and reactivities:
volfracs:
[0.001, 0.002, 0.001754383283458858, 0.0015614153594597413, 0.0016052162300249956, 0.001599725966402663]
reactivities:
[-0.2021383637213876, 0.06581344294455595, 0.028956516672816568, -0.008502686146904519, 0.0012185134136353637, -0.0001930372561904435]
job started at Mon Dec 26 15:56:14 2016 and ended at Mon Dec 26 17:10:34 2016
