crit search on 0.21 volfrac thorium
using default requested amount of memory, None 
0
using default requested amount of memory, None 
0
29.7933904719
828124.necluster.engr.utk.edu

828125.necluster.engr.utk.edu

828134.necluster.engr.utk.edu

attempted PuGaF volume fractions and reactivities:
volfracs:
[0.001, 0.002, 0.0027469902260693732]
reactivities:
[-1.3749697191360812, -0.5879191114004654, -0.37359241117664665]
828139.necluster.engr.utk.edu

attempted PuGaF volume fractions and reactivities:
volfracs:
[0.001, 0.002, 0.0027469902260693732, 0.004049067285956062]
reactivities:
[-1.3749697191360812, -0.5879191114004654, -0.37359241117664665, -0.19376757822758942]
828146.necluster.engr.utk.edu

attempted PuGaF volume fractions and reactivities:
volfracs:
[0.001, 0.002, 0.0027469902260693732, 0.004049067285956062, 0.005452101085138947]
reactivities:
[-1.3749697191360812, -0.5879191114004654, -0.37359241117664665, -0.19376757822758942, -0.09440561736515275]
828152.necluster.engr.utk.edu

attempted PuGaF volume fractions and reactivities:
volfracs:
[0.001, 0.002, 0.0027469902260693732, 0.004049067285956062, 0.005452101085138947, 0.006785149173626398]
reactivities:
[-1.3749697191360812, -0.5879191114004654, -0.37359241117664665, -0.19376757822758942, -0.09440561736515275, -0.0404484749106255]
828159.necluster.engr.utk.edu

attempted PuGaF volume fractions and reactivities:
volfracs:
[0.001, 0.002, 0.0027469902260693732, 0.004049067285956062, 0.005452101085138947, 0.006785149173626398, 0.007784456396155521]
reactivities:
[-1.3749697191360812, -0.5879191114004654, -0.37359241117664665, -0.19376757822758942, -0.09440561736515275, -0.0404484749106255, -0.011179601676131261]
828166.necluster.engr.utk.edu

attempted PuGaF volume fractions and reactivities:
volfracs:
[0.001, 0.002, 0.0027469902260693732, 0.004049067285956062, 0.005452101085138947, 0.006785149173626398, 0.007784456396155521, 0.008166153928904758]
reactivities:
[-1.3749697191360812, -0.5879191114004654, -0.37359241117664665, -0.19376757822758942, -0.09440561736515275, -0.0404484749106255, -0.011179601676131261, -0.0030140572420122823]
828173.necluster.engr.utk.edu

attempted PuGaF volume fractions and reactivities:
volfracs:
[0.001, 0.002, 0.0027469902260693732, 0.004049067285956062, 0.005452101085138947, 0.006785149173626398, 0.007784456396155521, 0.008166153928904758, 0.008307045723949554]
reactivities:
[-1.3749697191360812, -0.5879191114004654, -0.37359241117664665, -0.19376757822758942, -0.09440561736515275, -0.0404484749106255, -0.011179601676131261, -0.0030140572420122823, 0.0009490983565612731]
job started at Fri Dec 30 15:34:50 2016 and ended at Fri Dec 30 16:30:59 2016
