crit search on 0.24 volfrac thorium
using default requested amount of memory, None 
0
using default requested amount of memory, None 
0
29.7933904719
828130.necluster.engr.utk.edu

828131.necluster.engr.utk.edu

828140.necluster.engr.utk.edu

attempted PuGaF volume fractions and reactivities:
volfracs:
[0.001, 0.002, 0.0028026360956363385]
reactivities:
[-1.607079263030834, -0.7155630735341801, -0.45904674639870796]
828148.necluster.engr.utk.edu

attempted PuGaF volume fractions and reactivities:
volfracs:
[0.001, 0.002, 0.0028026360956363385, 0.0042389871160898535]
reactivities:
[-1.607079263030834, -0.7155630735341801, -0.45904674639870796, -0.24356300698509342]
828155.necluster.engr.utk.edu

attempted PuGaF volume fractions and reactivities:
volfracs:
[0.001, 0.002, 0.0028026360956363385, 0.0042389871160898535, 0.005862506248344442]
reactivities:
[-1.607079263030834, -0.7155630735341801, -0.45904674639870796, -0.24356300698509342, -0.12844019097721784]
828162.necluster.engr.utk.edu

attempted PuGaF volume fractions and reactivities:
volfracs:
[0.001, 0.002, 0.0028026360956363385, 0.0042389871160898535, 0.005862506248344442, 0.007673833617088455]
reactivities:
[-1.607079263030834, -0.7155630735341801, -0.45904674639870796, -0.24356300698509342, -0.12844019097721784, -0.058650284406398946]
828169.necluster.engr.utk.edu

attempted PuGaF volume fractions and reactivities:
volfracs:
[0.001, 0.002, 0.0028026360956363385, 0.0042389871160898535, 0.005862506248344442, 0.007673833617088455, 0.00919604321085155]
reactivities:
[-1.607079263030834, -0.7155630735341801, -0.45904674639870796, -0.24356300698509342, -0.12844019097721784, -0.058650284406398946, -0.02173433272574194]
828176.necluster.engr.utk.edu

attempted PuGaF volume fractions and reactivities:
volfracs:
[0.001, 0.002, 0.0028026360956363385, 0.0042389871160898535, 0.005862506248344442, 0.007673833617088455, 0.00919604321085155, 0.010092246837819101]
reactivities:
[-1.607079263030834, -0.7155630735341801, -0.45904674639870796, -0.24356300698509342, -0.12844019097721784, -0.058650284406398946, -0.02173433272574194, -0.005124122777921893]
828181.necluster.engr.utk.edu

attempted PuGaF volume fractions and reactivities:
volfracs:
[0.001, 0.002, 0.0028026360956363385, 0.0042389871160898535, 0.005862506248344442, 0.007673833617088455, 0.00919604321085155, 0.010092246837819101, 0.01036871880494215]
reactivities:
[-1.607079263030834, -0.7155630735341801, -0.45904674639870796, -0.24356300698509342, -0.12844019097721784, -0.058650284406398946, -0.02173433272574194, -0.005124122777921893, -0.0005412928394261433]
job started at Fri Dec 30 15:34:59 2016 and ended at Fri Dec 30 16:37:45 2016
