crit search on 0.19 volfrac thorium
using default requested amount of memory, None 
0
using default requested amount of memory, None 
0
29.7933904719
828120.necluster.engr.utk.edu

828121.necluster.engr.utk.edu

828132.necluster.engr.utk.edu

attempted PuGaF volume fractions and reactivities:
volfracs:
[0.001, 0.002, 0.0027058049160999425]
reactivities:
[-1.2276080835442136, -0.5079430902277747, -0.3201773262184577]
828138.necluster.engr.utk.edu

attempted PuGaF volume fractions and reactivities:
volfracs:
[0.001, 0.002, 0.0027058049160999425, 0.003909340246734067]
reactivities:
[-1.2276080835442136, -0.5079430902277747, -0.3201773262184577, -0.15964482398331037]
828145.necluster.engr.utk.edu

attempted PuGaF volume fractions and reactivities:
volfracs:
[0.001, 0.002, 0.0027058049160999425, 0.003909340246734067, 0.005106220525441346]
reactivities:
[-1.2276080835442136, -0.5079430902277747, -0.3201773262184577, -0.15964482398331037, -0.07612740487571801]
828153.necluster.engr.utk.edu

attempted PuGaF volume fractions and reactivities:
volfracs:
[0.001, 0.002, 0.0027058049160999425, 0.003909340246734067, 0.005106220525441346, 0.006197195205196844]
reactivities:
[-1.2276080835442136, -0.5079430902277747, -0.3201773262184577, -0.15964482398331037, -0.07612740487571801, -0.028053524578703644]
828160.necluster.engr.utk.edu

attempted PuGaF volume fractions and reactivities:
volfracs:
[0.001, 0.002, 0.0027058049160999425, 0.003909340246734067, 0.005106220525441346, 0.006197195205196844, 0.006833833745796716]
reactivities:
[-1.2276080835442136, -0.5079430902277747, -0.3201773262184577, -0.15964482398331037, -0.07612740487571801, -0.028053524578703644, -0.007537387193595245]
828167.necluster.engr.utk.edu

attempted PuGaF volume fractions and reactivities:
volfracs:
[0.001, 0.002, 0.0027058049160999425, 0.003909340246734067, 0.005106220525441346, 0.006197195205196844, 0.006833833745796716, 0.007067727245961599]
reactivities:
[-1.2276080835442136, -0.5079430902277747, -0.3201773262184577, -0.15964482398331037, -0.07612740487571801, -0.028053524578703644, -0.007537387193595245, -0.0010982047305894713]
828174.necluster.engr.utk.edu

attempted PuGaF volume fractions and reactivities:
volfracs:
[0.001, 0.002, 0.0027058049160999425, 0.003909340246734067, 0.005106220525441346, 0.006197195205196844, 0.006833833745796716, 0.007067727245961599, 0.007107617860928782]
reactivities:
[-1.2276080835442136, -0.5079430902277747, -0.3201773262184577, -0.15964482398331037, -0.07612740487571801, -0.028053524578703644, -0.007537387193595245, -0.0010982047305894713, 2.999910002697368e-05]
job started at Fri Dec 30 15:34:44 2016 and ended at Fri Dec 30 16:31:35 2016
