crit search on 0.18 volfrac thorium
using default requested amount of memory, None 
0
using default requested amount of memory, None 
0
29.7933904719
828118.necluster.engr.utk.edu

828119.necluster.engr.utk.edu

828135.necluster.engr.utk.edu

attempted PuGaF volume fractions and reactivities:
volfracs:
[0.001, 0.002, 0.0026852739437268265]
reactivities:
[-1.1515370580742883, -0.4682433642741152, -0.29377319897067405]
828142.necluster.engr.utk.edu

attempted PuGaF volume fractions and reactivities:
volfracs:
[0.001, 0.002, 0.0026852739437268265, 0.003839139524525407]
reactivities:
[-1.1515370580742883, -0.4682433642741152, -0.29377319897067405, -0.1436426619884057]
828149.necluster.engr.utk.edu

attempted PuGaF volume fractions and reactivities:
volfracs:
[0.001, 0.002, 0.0026852739437268265, 0.003839139524525407, 0.004943140928465511]
reactivities:
[-1.1515370580742883, -0.4682433642741152, -0.29377319897067405, -0.1436426619884057, -0.06589126630014223]
828156.necluster.engr.utk.edu

attempted PuGaF volume fractions and reactivities:
volfracs:
[0.001, 0.002, 0.0026852739437268265, 0.003839139524525407, 0.004943140928465511, 0.005878738931032672]
reactivities:
[-1.1515370580742883, -0.4682433642741152, -0.29377319897067405, -0.1436426619884057, -0.06589126630014223, -0.02313931883476706]
828163.necluster.engr.utk.edu

attempted PuGaF volume fractions and reactivities:
volfracs:
[0.001, 0.002, 0.0026852739437268265, 0.003839139524525407, 0.004943140928465511, 0.005878738931032672, 0.0063851275698217315]
reactivities:
[-1.1515370580742883, -0.4682433642741152, -0.29377319897067405, -0.1436426619884057, -0.06589126630014223, -0.02313931883476706, -0.005018055149360784]
828172.necluster.engr.utk.edu

attempted PuGaF volume fractions and reactivities:
volfracs:
[0.001, 0.002, 0.0026852739437268265, 0.003839139524525407, 0.004943140928465511, 0.005878738931032672, 0.0063851275698217315, 0.006525354331076779]
reactivities:
[-1.1515370580742883, -0.4682433642741152, -0.29377319897067405, -0.1436426619884057, -0.06589126630014223, -0.02313931883476706, -0.005018055149360784, -0.0015383629254534783]
828179.necluster.engr.utk.edu

attempted PuGaF volume fractions and reactivities:
volfracs:
[0.001, 0.002, 0.0026852739437268265, 0.003839139524525407, 0.004943140928465511, 0.005878738931032672, 0.0063851275698217315, 0.006525354331076779, 0.006587348219268693]
reactivities:
[-1.1515370580742883, -0.4682433642741152, -0.29377319897067405, -0.1436426619884057, -0.06589126630014223, -0.02313931883476706, -0.005018055149360784, -0.0015383629254534783, 0.0007494379215588592]
job started at Fri Dec 30 15:34:41 2016 and ended at Fri Dec 30 16:33:39 2016
