crit search on 0.13 volfrac thorium
using default requested amount of memory, None 
0
using default requested amount of memory, None 
0
827465.necluster.engr.utk.edu

827466.necluster.engr.utk.edu

827471.necluster.engr.utk.edu

attempted PuGaF volume fractions and reactivities:
volfracs:
[0.001, 0.002, 0.002530698082723953]
reactivities:
[-0.8112398298883551, -0.28125952936774967, 0.22377725512112953]
827476.necluster.engr.utk.edu

attempted PuGaF volume fractions and reactivities:
volfracs:
[0.001, 0.002, 0.002530698082723953, 0.0022955505372432784]
reactivities:
[-0.8112398298883551, -0.28125952936774967, 0.22377725512112953, 0.2084474488261275]
got negative pufrc, damping.
827481.necluster.engr.utk.edu

attempted PuGaF volume fractions and reactivities:
volfracs:
[0.001, 0.002, 0.002530698082723953, 0.0022955505372432784, 0.0020659954835189507]
reactivities:
[-0.8112398298883551, -0.28125952936774967, 0.22377725512112953, 0.2084474488261275, 0.18990951289259006]
got negative pufrc, damping.
827486.necluster.engr.utk.edu

attempted PuGaF volume fractions and reactivities:
volfracs:
[0.001, 0.002, 0.002530698082723953, 0.0022955505372432784, 0.0020659954835189507, 0.0018593959351670558]
reactivities:
[-0.8112398298883551, -0.28125952936774967, 0.22377725512112953, 0.2084474488261275, 0.18990951289259006, 0.16920750704096638]
827491.necluster.engr.utk.edu

attempted PuGaF volume fractions and reactivities:
volfracs:
[0.001, 0.002, 0.002530698082723953, 0.0022955505372432784, 0.0020659954835189507, 0.0018593959351670558, 0.00017075789772432452]
reactivities:
[-0.8112398298883551, -0.28125952936774967, 0.22377725512112953, 0.2084474488261275, 0.18990951289259006, 0.16920750704096638, -1.9741634421778014]
827496.necluster.engr.utk.edu

attempted PuGaF volume fractions and reactivities:
volfracs:
[0.001, 0.002, 0.002530698082723953, 0.0022955505372432784, 0.0020659954835189507, 0.0018593959351670558, 0.00017075789772432452, 0.0017260871242426661]
reactivities:
[-0.8112398298883551, -0.28125952936774967, 0.22377725512112953, 0.2084474488261275, 0.18990951289259006, 0.16920750704096638, -1.9741634421778014, 0.15303045702476537]
827501.necluster.engr.utk.edu

attempted PuGaF volume fractions and reactivities:
volfracs:
[0.001, 0.002, 0.002530698082723953, 0.0022955505372432784, 0.0020659954835189507, 0.0018593959351670558, 0.00017075789772432452, 0.0017260871242426661, 0.0016141966461591677]
reactivities:
[-0.8112398298883551, -0.28125952936774967, 0.22377725512112953, 0.2084474488261275, 0.18990951289259006, 0.16920750704096638, -1.9741634421778014, 0.15303045702476537, 0.13738818394334368]
827506.necluster.engr.utk.edu

attempted PuGaF volume fractions and reactivities:
volfracs:
[0.001, 0.002, 0.002530698082723953, 0.0022955505372432784, 0.0020659954835189507, 0.0018593959351670558, 0.00017075789772432452, 0.0017260871242426661, 0.0016141966461591677, 0.0006314475594741785]
reactivities:
[-0.8112398298883551, -0.28125952936774967, 0.22377725512112953, 0.2084474488261275, 0.18990951289259006, 0.16920750704096638, -1.9741634421778014, 0.15303045702476537, 0.13738818394334368, -0.24730893098140755]
827511.necluster.engr.utk.edu

attempted PuGaF volume fractions and reactivities:
volfracs:
[0.001, 0.002, 0.002530698082723953, 0.0022955505372432784, 0.0020659954835189507, 0.0018593959351670558, 0.00017075789772432452, 0.0017260871242426661, 0.0016141966461591677, 0.0006314475594741785, 0.0012632241354398174]
reactivities:
[-0.8112398298883551, -0.28125952936774967, 0.22377725512112953, 0.2084474488261275, 0.18990951289259006, 0.16920750704096638, -1.9741634421778014, 0.15303045702476537, 0.13738818394334368, -0.24730893098140755, 0.06959434313360623]
827516.necluster.engr.utk.edu

attempted PuGaF volume fractions and reactivities:
volfracs:
[0.001, 0.002, 0.002530698082723953, 0.0022955505372432784, 0.0020659954835189507, 0.0018593959351670558, 0.00017075789772432452, 0.0017260871242426661, 0.0016141966461591677, 0.0006314475594741785, 0.0012632241354398174, 0.001124481246353824]
reactivities:
[-0.8112398298883551, -0.28125952936774967, 0.22377725512112953, 0.2084474488261275, 0.18990951289259006, 0.16920750704096638, -1.9741634421778014, 0.15303045702476537, 0.13738818394334368, -0.24730893098140755, 0.06959434313360623, 0.030866889567282004]
827521.necluster.engr.utk.edu

attempted PuGaF volume fractions and reactivities:
volfracs:
[0.001, 0.002, 0.002530698082723953, 0.0022955505372432784, 0.0020659954835189507, 0.0018593959351670558, 0.00017075789772432452, 0.0017260871242426661, 0.0016141966461591677, 0.0006314475594741785, 0.0012632241354398174, 0.001124481246353824, 0.0010138991904402137]
reactivities:
[-0.8112398298883551, -0.28125952936774967, 0.22377725512112953, 0.2084474488261275, 0.18990951289259006, 0.16920750704096638, -1.9741634421778014, 0.15303045702476537, 0.13738818394334368, -0.24730893098140755, 0.06959434313360623, 0.030866889567282004, -0.008039111917542354]
827524.necluster.engr.utk.edu

attempted PuGaF volume fractions and reactivities:
volfracs:
[0.001, 0.002, 0.002530698082723953, 0.0022955505372432784, 0.0020659954835189507, 0.0018593959351670558, 0.00017075789772432452, 0.0017260871242426661, 0.0016141966461591677, 0.0006314475594741785, 0.0012632241354398174, 0.001124481246353824, 0.0010138991904402137, 0.0010367486606924624]
reactivities:
[-0.8112398298883551, -0.28125952936774967, 0.22377725512112953, 0.2084474488261275, 0.18990951289259006, 0.16920750704096638, -1.9741634421778014, 0.15303045702476537, 0.13738818394334368, -0.24730893098140755, 0.06959434313360623, 0.030866889567282004, -0.008039111917542354, 0.001577507538089733]
827526.necluster.engr.utk.edu

attempted PuGaF volume fractions and reactivities:
volfracs:
[0.001, 0.002, 0.002530698082723953, 0.0022955505372432784, 0.0020659954835189507, 0.0018593959351670558, 0.00017075789772432452, 0.0017260871242426661, 0.0016141966461591677, 0.0006314475594741785, 0.0012632241354398174, 0.001124481246353824, 0.0010138991904402137, 0.0010367486606924624, 0.0010330004400489628]
reactivities:
[-0.8112398298883551, -0.28125952936774967, 0.22377725512112953, 0.2084474488261275, 0.18990951289259006, 0.16920750704096638, -1.9741634421778014, 0.15303045702476537, 0.13738818394334368, -0.24730893098140755, 0.06959434313360623, 0.030866889567282004, -0.008039111917542354, 0.001577507538089733, -0.0006063674586799555]
job started at Fri Dec 23 11:27:56 2016 and ended at Fri Dec 23 16:39:00 2016
