crit search on 0.12 volfrac thorium
using default requested amount of memory, None 
0
using default requested amount of memory, None 
0
827770.necluster.engr.utk.edu

827771.necluster.engr.utk.edu

827787.necluster.engr.utk.edu

attempted PuGaF volume fractions and reactivities:
volfracs:
[0.001, 0.002, 0.002491488242114826]
reactivities:
[-0.7469598531156155, -0.24614473971151743, -0.14826646212213415]
827803.necluster.engr.utk.edu

attempted PuGaF volume fractions and reactivities:
volfracs:
[0.001, 0.002, 0.002491488242114826, 0.003235996877000085]
reactivities:
[-0.7469598531156155, -0.24614473971151743, -0.14826646212213415, -0.05779473070132854]
827817.necluster.engr.utk.edu

attempted PuGaF volume fractions and reactivities:
volfracs:
[0.001, 0.002, 0.002491488242114826, 0.003235996877000085, 0.0037116004205851047]
reactivities:
[-0.7469598531156155, -0.24614473971151743, -0.14826646212213415, -0.05779473070132854, -0.018740754927648998]
827829.necluster.engr.utk.edu

attempted PuGaF volume fractions and reactivities:
volfracs:
[0.001, 0.002, 0.002491488242114826, 0.003235996877000085, 0.0037116004205851047, 0.0039398273623105955]
reactivities:
[-0.7469598531156155, -0.24614473971151743, -0.14826646212213415, -0.05779473070132854, -0.018740754927648998, -0.0036935924201060067]
827833.necluster.engr.utk.edu

attempted PuGaF volume fractions and reactivities:
volfracs:
[0.001, 0.002, 0.002491488242114826, 0.003235996877000085, 0.0037116004205851047, 0.0039398273623105955, 0.003995849705499796]
reactivities:
[-0.7469598531156155, -0.24614473971151743, -0.14826646212213415, -0.05779473070132854, -0.018740754927648998, -0.0036935924201060067, -0.00035612678113410674]
job started at Mon Dec 26 15:56:48 2016 and ended at Mon Dec 26 17:21:50 2016
