crit search on 0.23 volfrac thorium
using default requested amount of memory, None 
0
using default requested amount of memory, None 
0
29.7933904719
828128.necluster.engr.utk.edu

828129.necluster.engr.utk.edu

828133.necluster.engr.utk.edu

attempted PuGaF volume fractions and reactivities:
volfracs:
[0.001, 0.002, 0.0027848819418697076]
reactivities:
[-1.527729189205585, -0.6718018847894448, -0.4297949245139769]
828141.necluster.engr.utk.edu

attempted PuGaF volume fractions and reactivities:
volfracs:
[0.001, 0.002, 0.0027848819418697076, 0.004178801664568155]
reactivities:
[-1.527729189205585, -0.6718018847894448, -0.4297949245139769, -0.22644309426686907]
828147.necluster.engr.utk.edu

attempted PuGaF volume fractions and reactivities:
volfracs:
[0.001, 0.002, 0.0027848819418697076, 0.004178801664568155, 0.005731005521223346]
reactivities:
[-1.527729189205585, -0.6718018847894448, -0.4297949245139769, -0.22644309426686907, -0.11667962015026044]
828154.necluster.engr.utk.edu

attempted PuGaF volume fractions and reactivities:
volfracs:
[0.001, 0.002, 0.0027848819418697076, 0.004178801664568155, 0.005731005521223346, 0.007381013029166213]
reactivities:
[-1.527729189205585, -0.6718018847894448, -0.4297949245139769, -0.22644309426686907, -0.11667962015026044, -0.05217969545710891]
828161.necluster.engr.utk.edu

attempted PuGaF volume fractions and reactivities:
volfracs:
[0.001, 0.002, 0.0027848819418697076, 0.004178801664568155, 0.005731005521223346, 0.007381013029166213, 0.008715850080154953]
reactivities:
[-1.527729189205585, -0.6718018847894448, -0.4297949245139769, -0.22644309426686907, -0.11667962015026044, -0.05217969545710891, -0.01846995259022372]
828168.necluster.engr.utk.edu

attempted PuGaF volume fractions and reactivities:
volfracs:
[0.001, 0.002, 0.0027848819418697076, 0.004178801664568155, 0.005731005521223346, 0.007381013029166213, 0.008715850080154953, 0.009447222524756283]
reactivities:
[-1.527729189205585, -0.6718018847894448, -0.4297949245139769, -0.22644309426686907, -0.11667962015026044, -0.05217969545710891, -0.01846995259022372, -0.0037621003521197184]
828175.necluster.engr.utk.edu

attempted PuGaF volume fractions and reactivities:
volfracs:
[0.001, 0.002, 0.0027848819418697076, 0.004178801664568155, 0.005731005521223346, 0.007381013029166213, 0.008715850080154953, 0.009447222524756283, 0.009634299229554617]
reactivities:
[-1.527729189205585, -0.6718018847894448, -0.4297949245139769, -0.22644309426686907, -0.11667962015026044, -0.05217969545710891, -0.01846995259022372, -0.0037621003521197184, -0.0011864058909808039]
828180.necluster.engr.utk.edu

attempted PuGaF volume fractions and reactivities:
volfracs:
[0.001, 0.002, 0.0027848819418697076, 0.004178801664568155, 0.005731005521223346, 0.007381013029166213, 0.008715850080154953, 0.009447222524756283, 0.009634299229554617, 0.009720469739289642]
reactivities:
[-1.527729189205585, -0.6718018847894448, -0.4297949245139769, -0.22644309426686907, -0.11667962015026044, -0.05217969545710891, -0.01846995259022372, -0.0037621003521197184, -0.0011864058909808039, 0.0009890208693394003]
job started at Fri Dec 30 15:34:56 2016 and ended at Fri Dec 30 16:37:48 2016
