crit search on 0.008 volfrac thorium
using default requested amount of memory, None 
0
using default requested amount of memory, None 
0
827746.necluster.engr.utk.edu

827747.necluster.engr.utk.edu

827776.necluster.engr.utk.edu

attempted PuGaF volume fractions and reactivities:
volfracs:
[0.001, 0.002, 0.0013083756134211178]
reactivities:
[-0.0666678044456581, 0.14952245685952664, 0.03569844361728805]
827796.necluster.engr.utk.edu

attempted PuGaF volume fractions and reactivities:
volfracs:
[0.001, 0.002, 0.0013083756134211178, 0.0010914625608468517]
reactivities:
[-0.0666678044456581, 0.14952245685952664, 0.03569844361728805, -0.030008260666250536]
827812.necluster.engr.utk.edu

attempted PuGaF volume fractions and reactivities:
volfracs:
[0.001, 0.002, 0.0013083756134211178, 0.0010914625608468517, 0.0011905267810742453]
reactivities:
[-0.0666678044456581, 0.14952245685952664, 0.03569844361728805, -0.030008260666250536, 0.002483815299903344]
827827.necluster.engr.utk.edu

attempted PuGaF volume fractions and reactivities:
volfracs:
[0.001, 0.002, 0.0013083756134211178, 0.0010914625608468517, 0.0011905267810742453, 0.0011829539431266144]
reactivities:
[-0.0666678044456581, 0.14952245685952664, 0.03569844361728805, -0.030008260666250536, 0.002483815299903344, 0.0008293116713129187]
job started at Mon Dec 26 15:56:04 2016 and ended at Mon Dec 26 17:16:52 2016
