crit search on 0.002 volfrac thorium
using default requested amount of memory, None 
0
using default requested amount of memory, None 
0
827740.necluster.engr.utk.edu

827741.necluster.engr.utk.edu

827773.necluster.engr.utk.edu

attempted PuGaF volume fractions and reactivities:
volfracs:
[0.001, 0.002, 0.001134124499966508]
reactivities:
[-0.027141178500702568, 0.17521691795057898, 0.021373209112972753]
827789.necluster.engr.utk.edu

attempted PuGaF volume fractions and reactivities:
volfracs:
[0.001, 0.002, 0.001134124499966508, 0.001013830090348818]
reactivities:
[-0.027141178500702568, 0.17521691795057898, 0.021373209112972753, -0.02131275456220407]
827807.necluster.engr.utk.edu

attempted PuGaF volume fractions and reactivities:
volfracs:
[0.001, 0.002, 0.001134124499966508, 0.001013830090348818, 0.001073892110897226]
reactivities:
[-0.027141178500702568, 0.17521691795057898, 0.021373209112972753, -0.02131275456220407, 0.0012185134136353637]
827822.necluster.engr.utk.edu

attempted PuGaF volume fractions and reactivities:
volfracs:
[0.001, 0.002, 0.001134124499966508, 0.001013830090348818, 0.001073892110897226, 0.0010706438970032384]
reactivities:
[-0.027141178500702568, 0.17521691795057898, 0.021373209112972753, -0.02131275456220407, 0.0012185134136353637, -0.00038714982698306866]
job started at Mon Dec 26 15:55:51 2016 and ended at Mon Dec 26 17:12:56 2016
