crit search on 0.22 volfrac thorium
using default requested amount of memory, None 
0
using default requested amount of memory, None 
0
29.7933904719
828126.necluster.engr.utk.edu

828127.necluster.engr.utk.edu

828137.necluster.engr.utk.edu

attempted PuGaF volume fractions and reactivities:
volfracs:
[0.001, 0.002, 0.0027625658627688544]
reactivities:
[-1.4499715803296682, -0.6273234110000553, -0.401822649809282]
828144.necluster.engr.utk.edu

attempted PuGaF volume fractions and reactivities:
volfracs:
[0.001, 0.002, 0.0027625658627688544, 0.0041213915891825]
reactivities:
[-1.4499715803296682, -0.6273234110000553, -0.401822649809282, -0.20807963660964524]
828151.necluster.engr.utk.edu

attempted PuGaF volume fractions and reactivities:
volfracs:
[0.001, 0.002, 0.0027625658627688544, 0.0041213915891825, 0.0055807678975123565]
reactivities:
[-1.4499715803296682, -0.6273234110000553, -0.401822649809282, -0.20807963660964524, -0.10659742317724039]
828158.necluster.engr.utk.edu

attempted PuGaF volume fractions and reactivities:
volfracs:
[0.001, 0.002, 0.0027625658627688544, 0.0041213915891825, 0.0055807678975123565, 0.007113704051072857]
reactivities:
[-1.4499715803296682, -0.6273234110000553, -0.401822649809282, -0.20807963660964524, -0.10659742317724039, -0.04603823478955808]
828165.necluster.engr.utk.edu

attempted PuGaF volume fractions and reactivities:
volfracs:
[0.001, 0.002, 0.0027625658627688544, 0.0041213915891825, 0.0055807678975123565, 0.007113704051072857, 0.008279070966217564]
reactivities:
[-1.4499715803296682, -0.6273234110000553, -0.401822649809282, -0.20807963660964524, -0.10659742317724039, -0.04603823478955808, -0.013494681686657814]
828170.necluster.engr.utk.edu

attempted PuGaF volume fractions and reactivities:
volfracs:
[0.001, 0.002, 0.0027625658627688544, 0.0041213915891825, 0.0055807678975123565, 0.007113704051072857, 0.008279070966217564, 0.008762308168938327]
reactivities:
[-1.4499715803296682, -0.6273234110000553, -0.401822649809282, -0.20807963660964524, -0.10659742317724039, -0.04603823478955808, -0.013494681686657814, -0.003622072058057503]
828177.necluster.engr.utk.edu

attempted PuGaF volume fractions and reactivities:
volfracs:
[0.001, 0.002, 0.0027625658627688544, 0.0041213915891825, 0.0055807678975123565, 0.007113704051072857, 0.008279070966217564, 0.008762308168938327, 0.008939598676234208]
reactivities:
[-1.4499715803296682, -0.6273234110000553, -0.401822649809282, -0.20807963660964524, -0.10659742317724039, -0.04603823478955808, -0.013494681686657814, -0.003622072058057503, -3.300108903588792e-05]
job started at Fri Dec 30 15:34:53 2016 and ended at Fri Dec 30 16:32:49 2016
