crit search on 0.17 volfrac thorium
using default requested amount of memory, None 
0
using default requested amount of memory, None 
0
29.7933904719
828110.necluster.engr.utk.edu

828111.necluster.engr.utk.edu

828112.necluster.engr.utk.edu

attempted PuGaF volume fractions and reactivities:
volfracs:
[0.001, 0.002, 0.002663231021427753]
reactivities:
[-1.0790885275895048, -0.43029800258883943, -0.26811180688178915]
828113.necluster.engr.utk.edu

attempted PuGaF volume fractions and reactivities:
volfracs:
[0.001, 0.002, 0.002663231021427753, 0.003759625611360906]
reactivities:
[-1.0790885275895048, -0.43029800258883943, -0.26811180688178915, -0.1273982579442119]
828114.necluster.engr.utk.edu

attempted PuGaF volume fractions and reactivities:
volfracs:
[0.001, 0.002, 0.002663231021427753, 0.003759625611360906, 0.004752271748364428]
reactivities:
[-1.0790885275895048, -0.43029800258883943, -0.26811180688178915, -0.1273982579442119, -0.05661669221918039]
828115.necluster.engr.utk.edu

attempted PuGaF volume fractions and reactivities:
volfracs:
[0.001, 0.002, 0.002663231021427753, 0.003759625611360906, 0.004752271748364428, 0.005546268606806511]
reactivities:
[-1.0790885275895048, -0.43029800258883943, -0.26811180688178915, -0.1273982579442119, -0.05661669221918039, -0.01923084763314212]
828116.necluster.engr.utk.edu

attempted PuGaF volume fractions and reactivities:
volfracs:
[0.001, 0.002, 0.002663231021427753, 0.003759625611360906, 0.004752271748364428, 0.005546268606806511, 0.005954691441036007]
reactivities:
[-1.0790885275895048, -0.43029800258883943, -0.26811180688178915, -0.1273982579442119, -0.05661669221918039, -0.01923084763314212, -0.004225782091039082]
828117.necluster.engr.utk.edu

attempted PuGaF volume fractions and reactivities:
volfracs:
[0.001, 0.002, 0.002663231021427753, 0.003759625611360906, 0.004752271748364428, 0.005546268606806511, 0.005954691441036007, 0.00606971299116624]
reactivities:
[-1.0790885275895048, -0.43029800258883943, -0.26811180688178915, -0.1273982579442119, -0.05661669221918039, -0.01923084763314212, -0.004225782091039082, 0.00015997440409528274]
job started at Fri Dec 30 13:09:52 2016 and ended at Fri Dec 30 14:01:30 2016
