crit search on 0.11 volfrac thorium
using default requested amount of memory, None 
0
using default requested amount of memory, None 
0
827768.necluster.engr.utk.edu

827769.necluster.engr.utk.edu

827786.necluster.engr.utk.edu

attempted PuGaF volume fractions and reactivities:
volfracs:
[0.001, 0.002, 0.00244396619161978]
reactivities:
[-0.6844346447780001, -0.21043833603462828, -0.12632653107196998]
827802.necluster.engr.utk.edu

attempted PuGaF volume fractions and reactivities:
volfracs:
[0.001, 0.002, 0.00244396619161978, 0.0031107537956363545]
reactivities:
[-0.6844346447780001, -0.21043833603462828, -0.12632653107196998, -0.04394485883255646]
827816.necluster.engr.utk.edu

attempted PuGaF volume fractions and reactivities:
volfracs:
[0.001, 0.002, 0.00244396619161978, 0.0031107537956363545, 0.003466438334846135]
reactivities:
[-0.6844346447780001, -0.21043833603462828, -0.12632653107196998, -0.04394485883255646, -0.013529606720106762]
827826.necluster.engr.utk.edu

attempted PuGaF volume fractions and reactivities:
volfracs:
[0.001, 0.002, 0.00244396619161978, 0.0031107537956363545, 0.003466438334846135, 0.003624657372917529]
reactivities:
[-0.6844346447780001, -0.21043833603462828, -0.12632653107196998, -0.04394485883255646, -0.013529606720106762, -0.0027425007395226373]
827831.necluster.engr.utk.edu

attempted PuGaF volume fractions and reactivities:
volfracs:
[0.001, 0.002, 0.00244396619161978, 0.0031107537956363545, 0.003466438334846135, 0.003624657372917529, 0.0036648827892338583]
reactivities:
[-0.6844346447780001, -0.21043833603462828, -0.12632653107196998, -0.04394485883255646, -0.013529606720106762, -0.0027425007395226373, 0.0004797697105389772]
job started at Mon Dec 26 15:56:44 2016 and ended at Mon Dec 26 17:18:58 2016
