crit search on 0.14 volfrac thorium
using default requested amount of memory, None 
0
using default requested amount of memory, None 
0
827927.necluster.engr.utk.edu

827928.necluster.engr.utk.edu

827929.necluster.engr.utk.edu

attempted PuGaF volume fractions and reactivities:
volfracs:
[0.001, 0.002, 0.0025703897486040453]
reactivities:
[-0.8770318870176966, -0.3185514920728685, -0.19528722154290065]
827930.necluster.engr.utk.edu

attempted PuGaF volume fractions and reactivities:
volfracs:
[0.001, 0.002, 0.0025703897486040453, 0.003474056551015833]
reactivities:
[-0.8770318870176966, -0.3185514920728685, -0.19528722154290065, -0.08396148901621826]
827931.necluster.engr.utk.edu

attempted PuGaF volume fractions and reactivities:
volfracs:
[0.001, 0.002, 0.0025703897486040453, 0.003474056551015833, 0.004155598981350466]
reactivities:
[-0.8770318870176966, -0.3185514920728685, -0.19528722154290065, -0.08396148901621826, -0.03215151984311298]
827932.necluster.engr.utk.edu

attempted PuGaF volume fractions and reactivities:
volfracs:
[0.001, 0.002, 0.0025703897486040453, 0.003474056551015833, 0.004155598981350466, 0.004578541232090162]
reactivities:
[-0.8770318870176966, -0.3185514920728685, -0.19528722154290065, -0.08396148901621826, -0.03215151984311298, -0.0078542078417105]
827933.necluster.engr.utk.edu

attempted PuGaF volume fractions and reactivities:
volfracs:
[0.001, 0.002, 0.0025703897486040453, 0.003474056551015833, 0.004155598981350466, 0.004578541232090162, 0.004715259085577769]
reactivities:
[-0.8770318870176966, -0.3185514920728685, -0.19528722154290065, -0.08396148901621826, -0.03215151984311298, -0.0078542078417105, -0.0015754782272515133]
827934.necluster.engr.utk.edu

attempted PuGaF volume fractions and reactivities:
volfracs:
[0.001, 0.002, 0.0025703897486040453, 0.003474056551015833, 0.004155598981350466, 0.004578541232090162, 0.004715259085577769, 0.004749564751639621]
reactivities:
[-0.8770318870176966, -0.3185514920728685, -0.19528722154290065, -0.08396148901621826, -0.03215151984311298, -0.0078542078417105, -0.0015754782272515133, 0.0004897600175914815]
job started at Tue Dec 27 17:52:58 2016 and ended at Tue Dec 27 18:46:35 2016
