crit search on 0.1 volfrac thorium
using default requested amount of memory, None 
0
using default requested amount of memory, None 
0
827766.necluster.engr.utk.edu

827767.necluster.engr.utk.edu

827785.necluster.engr.utk.edu

attempted PuGaF volume fractions and reactivities:
volfracs:
[0.001, 0.002, 0.0023936707306653907]
reactivities:
[-0.6222915842001779, -0.1757789535567313, -0.10278629986523953]
827801.necluster.engr.utk.edu

attempted PuGaF volume fractions and reactivities:
volfracs:
[0.001, 0.002, 0.0023936707306653907, 0.002948027309361164]
reactivities:
[-0.6222915842001779, -0.1757789535567313, -0.10278629986523953, -0.03401388680649982]
827815.necluster.engr.utk.edu

attempted PuGaF volume fractions and reactivities:
volfracs:
[0.001, 0.002, 0.0023936707306653907, 0.002948027309361164, 0.003222204426021175]
reactivities:
[-0.6222915842001779, -0.1757789535567313, -0.10278629986523953, -0.03401388680649982, -0.00948614126950957]
827823.necluster.engr.utk.edu

attempted PuGaF volume fractions and reactivities:
volfracs:
[0.001, 0.002, 0.0023936707306653907, 0.002948027309361164, 0.003222204426021175, 0.0033282428247635824]
reactivities:
[-0.6222915842001779, -0.1757789535567313, -0.10278629986523953, -0.03401388680649982, -0.00948614126950957, -0.0020200724660916587]
827830.necluster.engr.utk.edu

attempted PuGaF volume fractions and reactivities:
volfracs:
[0.001, 0.002, 0.0023936707306653907, 0.002948027309361164, 0.003222204426021175, 0.0033282428247635824, 0.003356933325117654]
reactivities:
[-0.6222915842001779, -0.1757789535567313, -0.10278629986523953, -0.03401388680649982, -0.00948614126950957, -0.0020200724660916587, 0.0008592610355095447]
job started at Mon Dec 26 15:56:35 2016 and ended at Mon Dec 26 17:17:27 2016
