crit search on 0.004 volfrac thorium
using default requested amount of memory, None 
0
using default requested amount of memory, None 
0
827742.necluster.engr.utk.edu

827743.necluster.engr.utk.edu

827772.necluster.engr.utk.edu

attempted PuGaF volume fractions and reactivities:
volfracs:
[0.001, 0.002, 0.0011954962890417765]
reactivities:
[-0.04029261350632705, 0.16581162358083695, 0.02716164682076421]
827791.necluster.engr.utk.edu

attempted PuGaF volume fractions and reactivities:
volfracs:
[0.001, 0.002, 0.0011954962890417765, 0.0010378933368187502]
reactivities:
[-0.04029261350632705, 0.16581162358083695, 0.02716164682076421, -0.02477705975065128]
827808.necluster.engr.utk.edu

attempted PuGaF volume fractions and reactivities:
volfracs:
[0.001, 0.002, 0.0011954962890417765, 0.0010378933368187502, 0.0011130769141906606]
reactivities:
[-0.04029261350632705, 0.16581162358083695, 0.02716164682076421, -0.02477705975065128, 0.0021553444559750338]
827825.necluster.engr.utk.edu

attempted PuGaF volume fractions and reactivities:
volfracs:
[0.001, 0.002, 0.0011954962890417765, 0.0010378933368187502, 0.0011130769141906606, 0.0011070601284100192]
reactivities:
[-0.04029261350632705, 0.16581162358083695, 0.02716164682076421, -0.02477705975065128, 0.0021553444559750338, 0.0007993605115906395]
job started at Mon Dec 26 15:55:56 2016 and ended at Mon Dec 26 17:15:59 2016
