crit search on 0.2 volfrac thorium
using default requested amount of memory, None 
0
using default requested amount of memory, None 
0
29.7933904719
828122.necluster.engr.utk.edu

828123.necluster.engr.utk.edu

828136.necluster.engr.utk.edu

attempted PuGaF volume fractions and reactivities:
volfracs:
[0.001, 0.002, 0.0027296252132851234]
reactivities:
[-1.2976726873349982, -0.547410331439819, -0.34730397737607166]
828143.necluster.engr.utk.edu

attempted PuGaF volume fractions and reactivities:
volfracs:
[0.001, 0.002, 0.0027296252132851234, 0.003995960506601508]
reactivities:
[-1.2976726873349982, -0.547410331439819, -0.34730397737607166, -0.1747292249136574]
828150.necluster.engr.utk.edu

attempted PuGaF volume fractions and reactivities:
volfracs:
[0.001, 0.002, 0.0027296252132851234, 0.003995960506601508, 0.005278105091048594]
reactivities:
[-1.2976726873349982, -0.547410331439819, -0.34730397737607166, -0.1747292249136574, -0.08595909192100731]
828157.necluster.engr.utk.edu

attempted PuGaF volume fractions and reactivities:
volfracs:
[0.001, 0.002, 0.0027296252132851234, 0.003995960506601508, 0.005278105091048594, 0.006519648620105085]
reactivities:
[-1.2976726873349982, -0.547410331439819, -0.34730397737607166, -0.1747292249136574, -0.08595909192100731, -0.033082397618951716]
828164.necluster.engr.utk.edu

attempted PuGaF volume fractions and reactivities:
volfracs:
[0.001, 0.002, 0.0027296252132851234, 0.003995960506601508, 0.005278105091048594, 0.006519648620105085, 0.007296422532158936]
reactivities:
[-1.2976726873349982, -0.547410331439819, -0.34730397737607166, -0.1747292249136574, -0.08595909192100731, -0.033082397618951716, -0.009796031299637745]
828171.necluster.engr.utk.edu

attempted PuGaF volume fractions and reactivities:
volfracs:
[0.001, 0.002, 0.0027296252132851234, 0.003995960506601508, 0.005278105091048594, 0.006519648620105085, 0.007296422532158936, 0.007623193203498515]
reactivities:
[-1.2976726873349982, -0.547410331439819, -0.34730397737607166, -0.1747292249136574, -0.08595909192100731, -0.033082397618951716, -0.009796031299637745, -0.001654733619940128]
828178.necluster.engr.utk.edu

attempted PuGaF volume fractions and reactivities:
volfracs:
[0.001, 0.002, 0.0027296252132851234, 0.003995960506601508, 0.005278105091048594, 0.006519648620105085, 0.007296422532158936, 0.007623193203498515, 0.007689609939152884]
reactivities:
[-1.2976726873349982, -0.547410331439819, -0.34730397737607166, -0.1747292249136574, -0.08595909192100731, -0.033082397618951716, -0.009796031299637745, -0.001654733619940128, 0.0001999600079983783]
job started at Fri Dec 30 15:34:47 2016 and ended at Fri Dec 30 16:33:18 2016
