crit search on 0.09 volfrac thorium
using default requested amount of memory, None 
0
using default requested amount of memory, None 
0
827764.necluster.engr.utk.edu

827765.necluster.engr.utk.edu

827784.necluster.engr.utk.edu

attempted PuGaF volume fractions and reactivities:
volfracs:
[0.001, 0.002, 0.002338840234230705]
reactivities:
[-0.5601427218561955, -0.14176365948954028, -0.08138503795661482]
827800.necluster.engr.utk.edu

attempted PuGaF volume fractions and reactivities:
volfracs:
[0.001, 0.002, 0.002338840234230705, 0.002795566880582779]
reactivities:
[-0.5601427218561955, -0.14176365948954028, -0.08138503795661482, -0.023730062857025835]
827811.necluster.engr.utk.edu

attempted PuGaF volume fractions and reactivities:
volfracs:
[0.001, 0.002, 0.002338840234230705, 0.002795566880582779, 0.0029835498258133043]
reactivities:
[-0.5601427218561955, -0.14176365948954028, -0.08138503795661482, -0.023730062857025835, -0.005883412077239769]
827819.necluster.engr.utk.edu

attempted PuGaF volume fractions and reactivities:
volfracs:
[0.001, 0.002, 0.002338840234230705, 0.002795566880582779, 0.0029835498258133043, 0.003045521180771236]
reactivities:
[-0.5601427218561955, -0.14176365948954028, -0.08138503795661482, -0.023730062857025835, -0.005883412077239769, -4.500202509109083e-05]
job started at Mon Dec 26 15:56:31 2016 and ended at Mon Dec 26 17:08:49 2016
