crit search on 0.125 volfrac thorium
using default requested amount of memory, None 
0
using default requested amount of memory, None 
0
827463.necluster.engr.utk.edu

827464.necluster.engr.utk.edu

827470.necluster.engr.utk.edu

attempted PuGaF volume fractions and reactivities:
volfracs:
[0.001, 0.002, 0.002512373080628404]
reactivities:
[-0.779090351103481, -0.26394606489351885, 0.22231640834610034]
827475.necluster.engr.utk.edu

attempted PuGaF volume fractions and reactivities:
volfracs:
[0.001, 0.002, 0.002512373080628404, 0.002278119052634757]
reactivities:
[-0.779090351103481, -0.26394606489351885, 0.22231640834610034, 0.20715463655968538]
got negative pufrc, damping.
827480.necluster.engr.utk.edu

attempted PuGaF volume fractions and reactivities:
volfracs:
[0.001, 0.002, 0.002512373080628404, 0.002278119052634757, 0.0020503071473712813]
reactivities:
[-0.779090351103481, -0.26394606489351885, 0.22231640834610034, 0.20715463655968538, 0.1885356314004252]
got negative pufrc, damping.
827485.necluster.engr.utk.edu

attempted PuGaF volume fractions and reactivities:
volfracs:
[0.001, 0.002, 0.002512373080628404, 0.002278119052634757, 0.0020503071473712813, 0.0018452764326341532]
reactivities:
[-0.779090351103481, -0.26394606489351885, 0.22231640834610034, 0.20715463655968538, 0.1885356314004252, 0.16732586702194094]
827490.necluster.engr.utk.edu

attempted PuGaF volume fractions and reactivities:
volfracs:
[0.001, 0.002, 0.002512373080628404, 0.002278119052634757, 0.0020503071473712813, 0.0018452764326341532, 0.0002277694439982926]
reactivities:
[-0.779090351103481, -0.26394606489351885, 0.22231640834610034, 0.20715463655968538, 0.1885356314004252, 0.16732586702194094, -1.379671890839691]
827495.necluster.engr.utk.edu

attempted PuGaF volume fractions and reactivities:
volfracs:
[0.001, 0.002, 0.002512373080628404, 0.002278119052634757, 0.0020503071473712813, 0.0018452764326341532, 0.0002277694439982926, 0.0016703241691857198]
reactivities:
[-0.779090351103481, -0.26394606489351885, 0.22231640834610034, 0.20715463655968538, 0.1885356314004252, 0.16732586702194094, -1.379671890839691, 0.14585397519559945]
827500.necluster.engr.utk.edu

attempted PuGaF volume fractions and reactivities:
volfracs:
[0.001, 0.002, 0.002512373080628404, 0.002278119052634757, 0.0020503071473712813, 0.0018452764326341532, 0.0002277694439982926, 0.0016703241691857198, 0.0015324029803089956]
reactivities:
[-0.779090351103481, -0.26394606489351885, 0.22231640834610034, 0.20715463655968538, 0.1885356314004252, 0.16732586702194094, -1.379671890839691, 0.14585397519559945, 0.12446592421377045]
827505.necluster.engr.utk.edu

attempted PuGaF volume fractions and reactivities:
volfracs:
[0.001, 0.002, 0.002512373080628404, 0.002278119052634757, 0.0020503071473712813, 0.0018452764326341532, 0.0002277694439982926, 0.0016703241691857198, 0.0015324029803089956, 0.0007297824770762371]
reactivities:
[-0.779090351103481, -0.26394606489351885, 0.22231640834610034, 0.20715463655968538, 0.1885356314004252, 0.16732586702194094, -1.379671890839691, 0.14585397519559945, 0.12446592421377045, -0.16061656594449233]
827510.necluster.engr.utk.edu

attempted PuGaF volume fractions and reactivities:
volfracs:
[0.001, 0.002, 0.002512373080628404, 0.002278119052634757, 0.0020503071473712813, 0.0018452764326341532, 0.0002277694439982926, 0.0016703241691857198, 0.0015324029803089956, 0.0007297824770762371, 0.0011819819401660944]
reactivities:
[-0.779090351103481, -0.26394606489351885, 0.22231640834610034, 0.20715463655968538, 0.1885356314004252, 0.16732586702194094, -1.379671890839691, 0.14585397519559945, 0.12446592421377045, -0.16061656594449233, 0.048144834282015714]
827515.necluster.engr.utk.edu

attempted PuGaF volume fractions and reactivities:
volfracs:
[0.001, 0.002, 0.002512373080628404, 0.002278119052634757, 0.0020503071473712813, 0.0018452764326341532, 0.0002277694439982926, 0.0016703241691857198, 0.0015324029803089956, 0.0007297824770762371, 0.0011819819401660944, 0.0010776950931280123]
reactivities:
[-0.779090351103481, -0.26394606489351885, 0.22231640834610034, 0.20715463655968538, 0.1885356314004252, 0.16732586702194094, -1.379671890839691, 0.14585397519559945, 0.12446592421377045, -0.16061656594449233, 0.048144834282015714, 0.015873953135917628]
827520.necluster.engr.utk.edu

attempted PuGaF volume fractions and reactivities:
volfracs:
[0.001, 0.002, 0.002512373080628404, 0.002278119052634757, 0.0020503071473712813, 0.0018452764326341532, 0.0002277694439982926, 0.0016703241691857198, 0.0015324029803089956, 0.0007297824770762371, 0.0011819819401660944, 0.0010776950931280123, 0.0010263966945785422]
reactivities:
[-0.779090351103481, -0.26394606489351885, 0.22231640834610034, 0.20715463655968538, 0.1885356314004252, 0.16732586702194094, -1.379671890839691, 0.14585397519559945, 0.12446592421377045, -0.16061656594449233, 0.048144834282015714, 0.015873953135917628, -0.0029617460360444226]
827525.necluster.engr.utk.edu

attempted PuGaF volume fractions and reactivities:
volfracs:
[0.001, 0.002, 0.002512373080628404, 0.002278119052634757, 0.0020503071473712813, 0.0018452764326341532, 0.0002277694439982926, 0.0016703241691857198, 0.0015324029803089956, 0.0007297824770762371, 0.0011819819401660944, 0.0010776950931280123, 0.0010263966945785422, 0.001034462911137441]
reactivities:
[-0.779090351103481, -0.26394606489351885, 0.22231640834610034, 0.20715463655968538, 0.1885356314004252, 0.16732586702194094, -1.379671890839691, 0.14585397519559945, 0.12446592421377045, -0.16061656594449233, 0.048144834282015714, 0.015873953135917628, -0.0029617460360444226, -0.00011001210133120093]
job started at Fri Dec 23 11:27:51 2016 and ended at Fri Dec 23 16:31:05 2016
