crit search on 0.166 volfrac thorium
using default requested amount of memory, None 
0
using default requested amount of memory, None 
0
827914.necluster.engr.utk.edu

827915.necluster.engr.utk.edu

827916.necluster.engr.utk.edu

attempted PuGaF volume fractions and reactivities:
volfracs:
[0.001, 0.002, 0.0026447680909473742]
reactivities:
[-1.0557984824095603, -0.41388520100498966, -0.25959337806569277]
827917.necluster.engr.utk.edu

attempted PuGaF volume fractions and reactivities:
volfracs:
[0.001, 0.002, 0.0026447680909473742, 0.003729579480231744]
reactivities:
[-1.0557984824095603, -0.41388520100498966, -0.25959337806569277, -0.1212232994686523]
827918.necluster.engr.utk.edu

attempted PuGaF volume fractions and reactivities:
volfracs:
[0.001, 0.002, 0.0026447680909473742, 0.003729579480231744, 0.004679961363682062]
reactivities:
[-1.0557984824095603, -0.41388520100498966, -0.25959337806569277, -0.1212232994686523, -0.05382739571851001]
827919.necluster.engr.utk.edu

attempted PuGaF volume fractions and reactivities:
volfracs:
[0.001, 0.002, 0.0026447680909473742, 0.003729579480231744, 0.004679961363682062, 0.0054390072237069775]
reactivities:
[-1.0557984824095603, -0.41388520100498966, -0.25959337806569277, -0.1212232994686523, -0.05382739571851001, -0.01650292498716665]
827920.necluster.engr.utk.edu

attempted PuGaF volume fractions and reactivities:
volfracs:
[0.001, 0.002, 0.0026447680909473742, 0.003729579480231744, 0.004679961363682062, 0.0054390072237069775, 0.005774617525591083]
reactivities:
[-1.0557984824095603, -0.41388520100498966, -0.25959337806569277, -0.1212232994686523, -0.05382739571851001, -0.01650292498716665, -0.0032887806228818098]
827921.necluster.engr.utk.edu

attempted PuGaF volume fractions and reactivities:
volfracs:
[0.001, 0.002, 0.0026447680909473742, 0.003729579480231744, 0.004679961363682062, 0.0054390072237069775, 0.005774617525591083, 0.005858145344513599]
reactivities:
[-1.0557984824095603, -0.41388520100498966, -0.25959337806569277, -0.1212232994686523, -0.05382739571851001, -0.01650292498716665, -0.0032887806228818098, -0.0003571274945155938]
job started at Mon Dec 26 21:51:59 2016 and ended at Mon Dec 26 22:43:58 2016
