crit search on 0.01 volfrac thorium
using default requested amount of memory, None 
0
using default requested amount of memory, None 
0
828532.necluster.engr.utk.edu

828533.necluster.engr.utk.edu

828550.necluster.engr.utk.edu

attempted PuGaF volume fractions and reactivities:
volfracs:
[0.001, 0.002, 0.002713114148404369]
reactivities:
[-1.1459918237711515, -0.477039422182178, -0.2981297844195867]
828558.necluster.engr.utk.edu

attempted PuGaF volume fractions and reactivities:
volfracs:
[0.001, 0.002, 0.002713114148404369, 0.0039014266953922927]
reactivities:
[-1.1459918237711515, -0.477039422182178, -0.2981297844195867, -0.14384935046514627]
828567.necluster.engr.utk.edu

attempted PuGaF volume fractions and reactivities:
volfracs:
[0.001, 0.002, 0.002713114148404369, 0.0039014266953922927, 0.005009396018866422]
reactivities:
[-1.1459918237711515, -0.477039422182178, -0.2981297844195867, -0.14384935046514627, -0.06227366931633127]
828578.necluster.engr.utk.edu

attempted PuGaF volume fractions and reactivities:
volfracs:
[0.001, 0.002, 0.002713114148404369, 0.0039014266953922927, 0.005009396018866422, 0.005855203424835835]
reactivities:
[-1.1459918237711515, -0.477039422182178, -0.2981297844195867, -0.14384935046514627, -0.06227366931633127, -0.021350306813632203]
828587.necluster.engr.utk.edu

attempted PuGaF volume fractions and reactivities:
volfracs:
[0.001, 0.002, 0.002713114148404369, 0.0039014266953922927, 0.005009396018866422, 0.005855203424835835, 0.00629647331367985]
reactivities:
[-1.1459918237711515, -0.477039422182178, -0.2981297844195867, -0.14384935046514627, -0.06227366931633127, -0.021350306813632203, -0.0027797053432113785]
828596.necluster.engr.utk.edu

attempted PuGaF volume fractions and reactivities:
volfracs:
[0.001, 0.002, 0.002713114148404369, 0.0039014266953922927, 0.005009396018866422, 0.005855203424835835, 0.00629647331367985, 0.006362523962053934]
reactivities:
[-1.1459918237711515, -0.477039422182178, -0.2981297844195867, -0.14384935046514627, -0.06227366931633127, -0.021350306813632203, -0.0027797053432113785, -6.600435628752547e-05]
job started at Mon Jan  2 15:44:43 2017 and ended at Mon Jan  2 16:14:25 2017
