crit search on 0.12 volfrac thorium
using default requested amount of memory, None 
0
using default requested amount of memory, None 
0
828245.necluster.engr.utk.edu

828246.necluster.engr.utk.edu

828277.necluster.engr.utk.edu

attempted PuGaF volume fractions and reactivities:
volfracs:
[0.001, 0.002, 0.0029710417390629955]
reactivities:
[-2.011812327950221, -0.9911275357009167, -0.6501677395507255]
828294.necluster.engr.utk.edu

attempted PuGaF volume fractions and reactivities:
volfracs:
[0.001, 0.002, 0.0029710417390629955, 0.0048226970357417]
reactivities:
[-2.011812327950221, -0.9911275357009167, -0.6501677395507255, -0.3710255682558225]
828309.necluster.engr.utk.edu

attempted PuGaF volume fractions and reactivities:
volfracs:
[0.001, 0.002, 0.0029710417390629955, 0.0048226970357417, 0.00728384955697189]
reactivities:
[-2.011812327950221, -0.9911275357009167, -0.6501677395507255, -0.3710255682558225, -0.2101468392174706]
828326.necluster.engr.utk.edu

attempted PuGaF volume fractions and reactivities:
volfracs:
[0.001, 0.002, 0.0029710417390629955, 0.0048226970357417, 0.00728384955697189, 0.010498714730635319]
reactivities:
[-2.011812327950221, -0.9911275357009167, -0.6501677395507255, -0.3710255682558225, -0.2101468392174706, -0.10733264604887108]
828343.necluster.engr.utk.edu

attempted PuGaF volume fractions and reactivities:
volfracs:
[0.001, 0.002, 0.0029710417390629955, 0.0048226970357417, 0.00728384955697189, 0.010498714730635319, 0.013854866008443954]
reactivities:
[-2.011812327950221, -0.9911275357009167, -0.6501677395507255, -0.3710255682558225, -0.2101468392174706, -0.10733264604887108, -0.04580412925302395]
828361.necluster.engr.utk.edu

attempted PuGaF volume fractions and reactivities:
volfracs:
[0.001, 0.002, 0.0029710417390629955, 0.0048226970357417, 0.00728384955697189, 0.010498714730635319, 0.013854866008443954, 0.016353310549720855]
reactivities:
[-2.011812327950221, -0.9911275357009167, -0.6501677395507255, -0.3710255682558225, -0.2101468392174706, -0.10733264604887108, -0.04580412925302395, -0.013106559561041165]
828378.necluster.engr.utk.edu

attempted PuGaF volume fractions and reactivities:
volfracs:
[0.001, 0.002, 0.0029710417390629955, 0.0048226970357417, 0.00728384955697189, 0.010498714730635319, 0.013854866008443954, 0.016353310549720855, 0.01735479208179426]
reactivities:
[-2.011812327950221, -0.9911275357009167, -0.6501677395507255, -0.3710255682558225, -0.2101468392174706, -0.10733264604887108, -0.04580412925302395, -0.013106559561041165, -0.002393716194271867]
828394.necluster.engr.utk.edu

attempted PuGaF volume fractions and reactivities:
volfracs:
[0.001, 0.002, 0.0029710417390629955, 0.0048226970357417, 0.00728384955697189, 0.010498714730635319, 0.013854866008443954, 0.016353310549720855, 0.01735479208179426, 0.01757856671188215]
reactivities:
[-2.011812327950221, -0.9911275357009167, -0.6501677395507255, -0.3710255682558225, -0.2101468392174706, -0.10733264604887108, -0.04580412925302395, -0.013106559561041165, -0.002393716194271867, 0.0002699271196776795]
job started at Mon Jan  2 05:59:22 2017 and ended at Mon Jan  2 06:50:26 2017
