crit search on 0.11 volfrac thorium
using default requested amount of memory, None 
0
using default requested amount of memory, None 
0
828243.necluster.engr.utk.edu

828244.necluster.engr.utk.edu

828276.necluster.engr.utk.edu

attempted PuGaF volume fractions and reactivities:
volfracs:
[0.001, 0.002, 0.002958664322017918]
reactivities:
[-1.9336611210692611, -0.9464265554867817, -0.6188931303888906]
828293.necluster.engr.utk.edu

attempted PuGaF volume fractions and reactivities:
volfracs:
[0.001, 0.002, 0.002958664322017918, 0.0047701153611553375]
reactivities:
[-1.9336611210692611, -0.9464265554867817, -0.6188931303888906, -0.3523820858059386]
828310.necluster.engr.utk.edu

attempted PuGaF volume fractions and reactivities:
volfracs:
[0.001, 0.002, 0.002958664322017918, 0.0047701153611553375, 0.007165223963522846]
reactivities:
[-1.9336611210692611, -0.9464265554867817, -0.6188931303888906, -0.3523820858059386, -0.1980897656776036]
828327.necluster.engr.utk.edu

attempted PuGaF volume fractions and reactivities:
volfracs:
[0.001, 0.002, 0.002958664322017918, 0.0047701153611553375, 0.007165223963522846, 0.010240208521540796]
reactivities:
[-1.9336611210692611, -0.9464265554867817, -0.6188931303888906, -0.3523820858059386, -0.1980897656776036, -0.09777919269318167]
828349.necluster.engr.utk.edu

attempted PuGaF volume fractions and reactivities:
volfracs:
[0.001, 0.002, 0.002958664322017918, 0.0047701153611553375, 0.007165223963522846, 0.010240208521540796, 0.013237594526640065]
reactivities:
[-1.9336611210692611, -0.9464265554867817, -0.6188931303888906, -0.3523820858059386, -0.1980897656776036, -0.09777919269318167, -0.041408484146638606]
828367.necluster.engr.utk.edu

attempted PuGaF volume fractions and reactivities:
volfracs:
[0.001, 0.002, 0.002958664322017918, 0.0047701153611553375, 0.007165223963522846, 0.010240208521540796, 0.013237594526640065, 0.01543939780486267]
reactivities:
[-1.9336611210692611, -0.9464265554867817, -0.6188931303888906, -0.3523820858059386, -0.1980897656776036, -0.09777919269318167, -0.041408484146638606, -0.01082492411231879]
828385.necluster.engr.utk.edu

attempted PuGaF volume fractions and reactivities:
volfracs:
[0.001, 0.002, 0.002958664322017918, 0.0047701153611553375, 0.007165223963522846, 0.010240208521540796, 0.013237594526640065, 0.01543939780486267, 0.016218716934822307]
reactivities:
[-1.9336611210692611, -0.9464265554867817, -0.6188931303888906, -0.3523820858059386, -0.1980897656776036, -0.09777919269318167, -0.041408484146638606, -0.01082492411231879, -0.0017711313602449049]
828400.necluster.engr.utk.edu

attempted PuGaF volume fractions and reactivities:
volfracs:
[0.001, 0.002, 0.002958664322017918, 0.0047701153611553375, 0.007165223963522846, 0.010240208521540796, 0.013237594526640065, 0.01543939780486267, 0.016218716934822307, 0.016371169789499606]
reactivities:
[-1.9336611210692611, -0.9464265554867817, -0.6188931303888906, -0.3523820858059386, -0.1980897656776036, -0.09777919269318167, -0.041408484146638606, -0.01082492411231879, -0.0017711313602449049, -0.0004972471318244865]
job started at Mon Jan  2 05:59:16 2017 and ended at Mon Jan  2 06:51:50 2017
