crit search on 0.21 volfrac thorium
using default requested amount of memory, None 
0
using default requested amount of memory, None 
0
828263.necluster.engr.utk.edu

828264.necluster.engr.utk.edu

828286.necluster.engr.utk.edu

attempted PuGaF volume fractions and reactivities:
volfracs:
[0.001, 0.002, 0.003056867244608101]
reactivities:
[-2.719324868149933, -1.3972537061542298, -0.9235171125699918]
828303.necluster.engr.utk.edu

attempted PuGaF volume fractions and reactivities:
volfracs:
[0.001, 0.002, 0.003056867244608101, 0.00511715770839876]
reactivities:
[-2.719324868149933, -1.3972537061542298, -0.9235171125699918, -0.5501881153277951]
828320.necluster.engr.utk.edu

attempted PuGaF volume fractions and reactivities:
volfracs:
[0.001, 0.002, 0.003056867244608101, 0.00511715770839876, 0.008153480457701364]
reactivities:
[-2.719324868149933, -1.3972537061542298, -0.9235171125699918, -0.5501881153277951, -0.3307711552690553]
828337.necluster.engr.utk.edu

attempted PuGaF volume fractions and reactivities:
volfracs:
[0.001, 0.002, 0.003056867244608101, 0.00511715770839876, 0.008153480457701364, 0.012730738219761641]
reactivities:
[-2.719324868149933, -1.3972537061542298, -0.9235171125699918, -0.5501881153277951, -0.3307711552690553, -0.18507703593272082]
828353.necluster.engr.utk.edu

attempted PuGaF volume fractions and reactivities:
volfracs:
[0.001, 0.002, 0.003056867244608101, 0.00511715770839876, 0.008153480457701364, 0.012730738219761641, 0.018545285184052785]
reactivities:
[-2.719324868149933, -1.3972537061542298, -0.9235171125699918, -0.5501881153277951, -0.3307711552690553, -0.18507703593272082, -0.09253557842111135]
828368.necluster.engr.utk.edu

attempted PuGaF volume fractions and reactivities:
volfracs:
[0.001, 0.002, 0.003056867244608101, 0.00511715770839876, 0.008153480457701364, 0.012730738219761641, 0.018545285184052785, 0.02435946275446655]
reactivities:
[-2.719324868149933, -1.3972537061542298, -0.9235171125699918, -0.5501881153277951, -0.3307711552690553, -0.18507703593272082, -0.09253557842111135, -0.038998820736338445]
828384.necluster.engr.utk.edu

attempted PuGaF volume fractions and reactivities:
volfracs:
[0.001, 0.002, 0.003056867244608101, 0.00511715770839876, 0.008153480457701364, 0.012730738219761641, 0.018545285184052785, 0.02435946275446655, 0.028594797104239813]
reactivities:
[-2.719324868149933, -1.3972537061542298, -0.9235171125699918, -0.5501881153277951, -0.3307711552690553, -0.18507703593272082, -0.09253557842111135, -0.038998820736338445, -0.010116314893660001]
828399.necluster.engr.utk.edu

attempted PuGaF volume fractions and reactivities:
volfracs:
[0.001, 0.002, 0.003056867244608101, 0.00511715770839876, 0.008153480457701364, 0.012730738219761641, 0.018545285184052785, 0.02435946275446655, 0.028594797104239813, 0.03007825481374815]
reactivities:
[-2.719324868149933, -1.3972537061542298, -0.9235171125699918, -0.5501881153277951, -0.3307711552690553, -0.18507703593272082, -0.09253557842111135, -0.038998820736338445, -0.010116314893660001, -0.0007956325278596386]
job started at Mon Jan  2 05:59:45 2017 and ended at Mon Jan  2 06:51:23 2017
