crit search on 0.08 volfrac thorium
using default requested amount of memory, None 
0
using default requested amount of memory, None 
0
828546.necluster.engr.utk.edu

828547.necluster.engr.utk.edu

828557.necluster.engr.utk.edu

attempted PuGaF volume fractions and reactivities:
volfracs:
[0.001, 0.002, 0.002915050607225007]
reactivities:
[-1.7152073332319657, -0.8195613765345724, -0.5324402271689394]
828566.necluster.engr.utk.edu

attempted PuGaF volume fractions and reactivities:
volfracs:
[0.001, 0.002, 0.002915050607225007, 0.004611929274151503]
reactivities:
[-1.7152073332319657, -0.8195613765345724, -0.5324402271689394, -0.295106956407995]
828575.necluster.engr.utk.edu

attempted PuGaF volume fractions and reactivities:
volfracs:
[0.001, 0.002, 0.002915050607225007, 0.004611929274151503, 0.006721876595000289]
reactivities:
[-1.7152073332319657, -0.8195613765345724, -0.5324402271689394, -0.295106956407995, -0.16026913602879325]
828584.necluster.engr.utk.edu

attempted PuGaF volume fractions and reactivities:
volfracs:
[0.001, 0.002, 0.002915050607225007, 0.004611929274151503, 0.006721876595000289, 0.009229774106452959]
reactivities:
[-1.7152073332319657, -0.8195613765345724, -0.5324402271689394, -0.295106956407995, -0.16026913602879325, -0.07526881720430102]
828593.necluster.engr.utk.edu

attempted PuGaF volume fractions and reactivities:
volfracs:
[0.001, 0.002, 0.002915050607225007, 0.004611929274151503, 0.006721876595000289, 0.009229774106452959, 0.011450547886683307]
reactivities:
[-1.7152073332319657, -0.8195613765345724, -0.5324402271689394, -0.295106956407995, -0.16026913602879325, -0.07526881720430102, -0.027122188509789546]
828601.necluster.engr.utk.edu

attempted PuGaF volume fractions and reactivities:
volfracs:
[0.001, 0.002, 0.002915050607225007, 0.004611929274151503, 0.006721876595000289, 0.009229774106452959, 0.011450547886683307, 0.012701564764462575]
reactivities:
[-1.7152073332319657, -0.8195613765345724, -0.5324402271689394, -0.295106956407995, -0.16026913602879325, -0.07526881720430102, -0.027122188509789546, -0.0062052678870595296]
828609.necluster.engr.utk.edu

attempted PuGaF volume fractions and reactivities:
volfracs:
[0.001, 0.002, 0.002915050607225007, 0.004611929274151503, 0.006721876595000289, 0.009229774106452959, 0.011450547886683307, 0.012701564764462575, 0.013072694673968347]
reactivities:
[-1.7152073332319657, -0.8195613765345724, -0.5324402271689394, -0.295106956407995, -0.16026913602879325, -0.07526881720430102, -0.027122188509789546, -0.0062052678870595296, -0.001181394044973027]
828614.necluster.engr.utk.edu

attempted PuGaF volume fractions and reactivities:
volfracs:
[0.001, 0.002, 0.002915050607225007, 0.004611929274151503, 0.006721876595000289, 0.009229774106452959, 0.011450547886683307, 0.012701564764462575, 0.013072694673968347, 0.013159968096586658]
reactivities:
[-1.7152073332319657, -0.8195613765345724, -0.5324402271689394, -0.295106956407995, -0.16026913602879325, -0.07526881720430102, -0.027122188509789546, -0.0062052678870595296, -0.001181394044973027, 0.0006096281268426255]
job started at Mon Jan  2 15:45:02 2017 and ended at Mon Jan  2 16:23:51 2017
