crit search on 0.13 volfrac thorium
using default requested amount of memory, None 
0
using default requested amount of memory, None 
0
828247.necluster.engr.utk.edu

828248.necluster.engr.utk.edu

828278.necluster.engr.utk.edu

attempted PuGaF volume fractions and reactivities:
volfracs:
[0.001, 0.002, 0.0029877473220940817]
reactivities:
[-2.084201793154923, -1.0356772800094458, -0.6763616247296866]
828295.necluster.engr.utk.edu

attempted PuGaF volume fractions and reactivities:
volfracs:
[0.001, 0.002, 0.0029877473220940817, 0.004847043942704156]
reactivities:
[-2.084201793154923, -1.0356772800094458, -0.6763616247296866, -0.39199768371585425]
828312.necluster.engr.utk.edu

attempted PuGaF volume fractions and reactivities:
volfracs:
[0.001, 0.002, 0.0029877473220940817, 0.004847043942704156, 0.0074100973524345096]
reactivities:
[-2.084201793154923, -1.0356772800094458, -0.6763616247296866, -0.39199768371585425, -0.22344811723569233]
828332.necluster.engr.utk.edu

attempted PuGaF volume fractions and reactivities:
volfracs:
[0.001, 0.002, 0.0029877473220940817, 0.004847043942704156, 0.0074100973524345096, 0.010807967016170346]
reactivities:
[-2.084201793154923, -1.0356772800094458, -0.6763616247296866, -0.39199768371585425, -0.22344811723569233, -0.11582236108011605]
828348.necluster.engr.utk.edu

attempted PuGaF volume fractions and reactivities:
volfracs:
[0.001, 0.002, 0.0029877473220940817, 0.004847043942704156, 0.0074100973524345096, 0.010807967016170346, 0.014464612982285534]
reactivities:
[-2.084201793154923, -1.0356772800094458, -0.6763616247296866, -0.39199768371585425, -0.22344811723569233, -0.11582236108011605, -0.0493454707626118]
828366.necluster.engr.utk.edu

attempted PuGaF volume fractions and reactivities:
volfracs:
[0.001, 0.002, 0.0029877473220940817, 0.004847043942704156, 0.0074100973524345096, 0.010807967016170346, 0.014464612982285534, 0.017178923410290727]
reactivities:
[-2.084201793154923, -1.0356772800094458, -0.6763616247296866, -0.39199768371585425, -0.22344811723569233, -0.11582236108011605, -0.0493454707626118, -0.016377913701384063]
828382.necluster.engr.utk.edu

attempted PuGaF volume fractions and reactivities:
volfracs:
[0.001, 0.002, 0.0029877473220940817, 0.004847043942704156, 0.0074100973524345096, 0.010807967016170346, 0.014464612982285534, 0.017178923410290727, 0.018527362479223677]
reactivities:
[-2.084201793154923, -1.0356772800094458, -0.6763616247296866, -0.39199768371585425, -0.22344811723569233, -0.11582236108011605, -0.0493454707626118, -0.016377913701384063, -0.0027716608706464555]
828401.necluster.engr.utk.edu

attempted PuGaF volume fractions and reactivities:
volfracs:
[0.001, 0.002, 0.0029877473220940817, 0.004847043942704156, 0.0074100973524345096, 0.010807967016170346, 0.014464612982285534, 0.017178923410290727, 0.018527362479223677, 0.018802046174309018]
reactivities:
[-2.084201793154923, -1.0356772800094458, -0.6763616247296866, -0.39199768371585425, -0.22344811723569233, -0.11582236108011605, -0.0493454707626118, -0.016377913701384063, -0.0027716608706464555, 0.0010588775897549206]
828411.necluster.engr.utk.edu

attempted PuGaF volume fractions and reactivities:
volfracs:
[0.001, 0.002, 0.0029877473220940817, 0.004847043942704156, 0.0074100973524345096, 0.010807967016170346, 0.014464612982285534, 0.017178923410290727, 0.018527362479223677, 0.018802046174309018, 0.018726115228306594]
reactivities:
[-2.084201793154923, -1.0356772800094458, -0.6763616247296866, -0.39199768371585425, -0.22344811723569233, -0.11582236108011605, -0.0493454707626118, -0.016377913701384063, -0.0027716608706464555, 0.0010588775897549206, -0.0004972471318244865]
job started at Mon Jan  2 05:59:24 2017 and ended at Mon Jan  2 06:55:26 2017
