crit search on 0.26 volfrac thorium
using default requested amount of memory, None 
0
using default requested amount of memory, None 
0
828273.necluster.engr.utk.edu

828274.necluster.engr.utk.edu

828291.necluster.engr.utk.edu

attempted PuGaF volume fractions and reactivities:
volfracs:
[0.001, 0.002, 0.0030808771678299905]
reactivities:
[-3.165469094302055, -1.6442504739818975, -1.0938987976833103]
828308.necluster.engr.utk.edu

attempted PuGaF volume fractions and reactivities:
volfracs:
[0.001, 0.002, 0.0030808771678299905, 0.005229267524855244]
reactivities:
[-3.165469094302055, -1.6442504739818975, -1.0938987976833103, -0.6593654586486128]
828325.necluster.engr.utk.edu

attempted PuGaF volume fractions and reactivities:
volfracs:
[0.001, 0.002, 0.0030808771678299905, 0.005229267524855244, 0.008489257647277359]
reactivities:
[-3.165469094302055, -1.6442504739818975, -1.0938987976833103, -0.6593654586486128, -0.40404280084074085]
828342.necluster.engr.utk.edu

attempted PuGaF volume fractions and reactivities:
volfracs:
[0.001, 0.002, 0.0030808771678299905, 0.005229267524855244, 0.008489257647277359, 0.013648124279347841]
reactivities:
[-3.165469094302055, -1.6442504739818975, -1.0938987976833103, -0.6593654586486128, -0.40404280084074085, -0.23341214836961413]
828358.necluster.engr.utk.edu

attempted PuGaF volume fractions and reactivities:
volfracs:
[0.001, 0.002, 0.0030808771678299905, 0.005229267524855244, 0.008489257647277359, 0.013648124279347841, 0.020705133827779627]
reactivities:
[-3.165469094302055, -1.6442504739818975, -1.0938987976833103, -0.6593654586486128, -0.40404280084074085, -0.23341214836961413, -0.12517960679473467]
828375.necluster.engr.utk.edu

attempted PuGaF volume fractions and reactivities:
volfracs:
[0.001, 0.002, 0.0030808771678299905, 0.005229267524855244, 0.008489257647277359, 0.013648124279347841, 0.020705133827779627, 0.028867130835012546]
reactivities:
[-3.165469094302055, -1.6442504739818975, -1.0938987976833103, -0.6593654586486128, -0.40404280084074085, -0.23341214836961413, -0.12517960679473467, -0.056260668232749125]
828392.necluster.engr.utk.edu

attempted PuGaF volume fractions and reactivities:
volfracs:
[0.001, 0.002, 0.0030808771678299905, 0.005229267524855244, 0.008489257647277359, 0.013648124279347841, 0.020705133827779627, 0.028867130835012546, 0.03553002227417219]
reactivities:
[-3.165469094302055, -1.6442504739818975, -1.0938987976833103, -0.6593654586486128, -0.40404280084074085, -0.23341214836961413, -0.12517960679473467, -0.056260668232749125, -0.017924634895881565]
828407.necluster.engr.utk.edu

attempted PuGaF volume fractions and reactivities:
volfracs:
[0.001, 0.002, 0.0030808771678299905, 0.005229267524855244, 0.008489257647277359, 0.013648124279347841, 0.020705133827779627, 0.028867130835012546, 0.03553002227417219, 0.038645365360098]
reactivities:
[-3.165469094302055, -1.6442504739818975, -1.0938987976833103, -0.6593654586486128, -0.40404280084074085, -0.23341214836961413, -0.12517960679473467, -0.056260668232749125, -0.017924634895881565, -0.0045970360369049015]
828415.necluster.engr.utk.edu

attempted PuGaF volume fractions and reactivities:
volfracs:
[0.001, 0.002, 0.0030808771678299905, 0.005229267524855244, 0.008489257647277359, 0.013648124279347841, 0.020705133827779627, 0.028867130835012546, 0.03553002227417219, 0.038645365360098, 0.03971992834663908]
reactivities:
[-3.165469094302055, -1.6442504739818975, -1.0938987976833103, -0.6593654586486128, -0.40404280084074085, -0.23341214836961413, -0.12517960679473467, -0.056260668232749125, -0.017924634895881565, -0.0045970360369049015, 0.002145387417053431]
828419.necluster.engr.utk.edu

attempted PuGaF volume fractions and reactivities:
volfracs:
[0.001, 0.002, 0.0030808771678299905, 0.005229267524855244, 0.008489257647277359, 0.013648124279347841, 0.020705133827779627, 0.028867130835012546, 0.03553002227417219, 0.038645365360098, 0.03971992834663908, 0.03937801064806985]
reactivities:
[-3.165469094302055, -1.6442504739818975, -1.0938987976833103, -0.6593654586486128, -0.40404280084074085, -0.23341214836961413, -0.12517960679473467, -0.056260668232749125, -0.017924634895881565, -0.0045970360369049015, 0.002145387417053431, -0.0007245245557783304]
job started at Mon Jan  2 05:59:58 2017 and ended at Mon Jan  2 06:59:56 2017
