crit search on 0.14 volfrac thorium
using default requested amount of memory, None 
0
using default requested amount of memory, None 
0
828249.necluster.engr.utk.edu

828250.necluster.engr.utk.edu

828280.necluster.engr.utk.edu

attempted PuGaF volume fractions and reactivities:
volfracs:
[0.001, 0.002, 0.0029933816464150307]
reactivities:
[-2.162445329226371, -1.0776328282607928, -0.7088554598786371]
828296.necluster.engr.utk.edu

attempted PuGaF volume fractions and reactivities:
volfracs:
[0.001, 0.002, 0.0029933816464150307, 0.004902837226332329]
reactivities:
[-2.162445329226371, -1.0776328282607928, -0.7088554598786371, -0.4092645048549161]
828314.necluster.engr.utk.edu

attempted PuGaF volume fractions and reactivities:
volfracs:
[0.001, 0.002, 0.0029933816464150307, 0.004902837226332329, 0.007511301798954139]
reactivities:
[-2.162445329226371, -1.0776328282607928, -0.7088554598786371, -0.4092645048549161, -0.2374231405551822]
828330.necluster.engr.utk.edu

attempted PuGaF volume fractions and reactivities:
volfracs:
[0.001, 0.002, 0.0029933816464150307, 0.004902837226332329, 0.007511301798954139, 0.011115264403548987]
reactivities:
[-2.162445329226371, -1.0776328282607928, -0.7088554598786371, -0.4092645048549161, -0.2374231405551822, -0.122746507416302]
828344.necluster.engr.utk.edu

attempted PuGaF volume fractions and reactivities:
volfracs:
[0.001, 0.002, 0.0029933816464150307, 0.004902837226332329, 0.007511301798954139, 0.011115264403548987, 0.014972840358340365]
reactivities:
[-2.162445329226371, -1.0776328282607928, -0.7088554598786371, -0.4092645048549161, -0.2374231405551822, -0.122746507416302, -0.0534832369747333]
828360.necluster.engr.utk.edu

attempted PuGaF volume fractions and reactivities:
volfracs:
[0.001, 0.002, 0.0029933816464150307, 0.004902837226332329, 0.007511301798954139, 0.011115264403548987, 0.014972840358340365, 0.017951556893422125]
reactivities:
[-2.162445329226371, -1.0776328282607928, -0.7088554598786371, -0.4092645048549161, -0.2374231405551822, -0.122746507416302, -0.0534832369747333, -0.019379422195355912]
828377.necluster.engr.utk.edu

attempted PuGaF volume fractions and reactivities:
volfracs:
[0.001, 0.002, 0.0029933816464150307, 0.004902837226332329, 0.007511301798954139, 0.011115264403548987, 0.014972840358340365, 0.017951556893422125, 0.019644206402196256]
reactivities:
[-2.162445329226371, -1.0776328282607928, -0.7088554598786371, -0.4092645048549161, -0.2374231405551822, -0.122746507416302, -0.0534832369747333, -0.019379422195355912, -0.003929379591721973]
828393.necluster.engr.utk.edu

attempted PuGaF volume fractions and reactivities:
volfracs:
[0.001, 0.002, 0.0029933816464150307, 0.004902837226332329, 0.007511301798954139, 0.011115264403548987, 0.014972840358340365, 0.017951556893422125, 0.019644206402196256, 0.020074694693157404]
reactivities:
[-2.162445329226371, -1.0776328282607928, -0.7088554598786371, -0.4092645048549161, -0.2374231405551822, -0.122746507416302, -0.0534832369747333, -0.019379422195355912, -0.003929379591721973, 0.0004997501249374762]
job started at Mon Jan  2 05:59:27 2017 and ended at Mon Jan  2 06:48:59 2017
