crit search on 0.23 volfrac thorium
using default requested amount of memory, None 
0
using default requested amount of memory, None 
0
828267.necluster.engr.utk.edu

828268.necluster.engr.utk.edu

828289.necluster.engr.utk.edu

attempted PuGaF volume fractions and reactivities:
volfracs:
[0.001, 0.002, 0.003070297616843745]
reactivities:
[-2.893899038985717, -1.4960811525904332, -0.9891195162461335]
828306.necluster.engr.utk.edu

attempted PuGaF volume fractions and reactivities:
volfracs:
[0.001, 0.002, 0.003070297616843745, 0.005158527149645903]
reactivities:
[-2.893899038985717, -1.4960811525904332, -0.9891195162461335, -0.592090494423703]
828323.necluster.engr.utk.edu

attempted PuGaF volume fractions and reactivities:
volfracs:
[0.001, 0.002, 0.003070297616843745, 0.005158527149645903, 0.008272709712098458]
reactivities:
[-2.893899038985717, -1.4960811525904332, -0.9891195162461335, -0.592090494423703, -0.3608867538087818]
828340.necluster.engr.utk.edu

attempted PuGaF volume fractions and reactivities:
volfracs:
[0.001, 0.002, 0.003070297616843745, 0.005158527149645903, 0.008272709712098458, 0.013133648521921873]
reactivities:
[-2.893899038985717, -1.4960811525904332, -0.9891195162461335, -0.592090494423703, -0.3608867538087818, -0.204491307186236]
828359.necluster.engr.utk.edu

attempted PuGaF volume fractions and reactivities:
volfracs:
[0.001, 0.002, 0.003070297616843745, 0.005158527149645903, 0.008272709712098458, 0.013133648521921873, 0.01948945844375498]
reactivities:
[-2.893899038985717, -1.4960811525904332, -0.9891195162461335, -0.592090494423703, -0.3608867538087818, -0.204491307186236, -0.10568587906450129]
828376.necluster.engr.utk.edu

attempted PuGaF volume fractions and reactivities:
volfracs:
[0.001, 0.002, 0.003070297616843745, 0.005158527149645903, 0.008272709712098458, 0.013133648521921873, 0.01948945844375498, 0.026287863870714006]
reactivities:
[-2.893899038985717, -1.4960811525904332, -0.9891195162461335, -0.592090494423703, -0.3608867538087818, -0.204491307186236, -0.10568587906450129, -0.04400480242209116]
828395.necluster.engr.utk.edu

attempted PuGaF volume fractions and reactivities:
volfracs:
[0.001, 0.002, 0.003070297616843745, 0.005158527149645903, 0.008272709712098458, 0.013133648521921873, 0.01948945844375498, 0.026287863870714006, 0.031138014093171518]
reactivities:
[-2.893899038985717, -1.4960811525904332, -0.9891195162461335, -0.592090494423703, -0.3608867538087818, -0.204491307186236, -0.10568587906450129, -0.04400480242209116, -0.01350495350546029]
828409.necluster.engr.utk.edu

attempted PuGaF volume fractions and reactivities:
volfracs:
[0.001, 0.002, 0.003070297616843745, 0.005158527149645903, 0.008272709712098458, 0.013133648521921873, 0.01948945844375498, 0.026287863870714006, 0.031138014093171518, 0.0332856002477072]
reactivities:
[-2.893899038985717, -1.4960811525904332, -0.9891195162461335, -0.592090494423703, -0.3608867538087818, -0.204491307186236, -0.10568587906450129, -0.04400480242209116, -0.01350495350546029, -0.0026721212030060395]
828418.necluster.engr.utk.edu

attempted PuGaF volume fractions and reactivities:
volfracs:
[0.001, 0.002, 0.003070297616843745, 0.005158527149645903, 0.008272709712098458, 0.013133648521921873, 0.01948945844375498, 0.026287863870714006, 0.031138014093171518, 0.0332856002477072, 0.03381534263996383]
reactivities:
[-2.893899038985717, -1.4960811525904332, -0.9891195162461335, -0.592090494423703, -0.3608867538087818, -0.204491307186236, -0.10568587906450129, -0.04400480242209116, -0.01350495350546029, -0.0026721212030060395, 0.001048898656410764]
828421.necluster.engr.utk.edu

attempted PuGaF volume fractions and reactivities:
volfracs:
[0.001, 0.002, 0.003070297616843745, 0.005158527149645903, 0.008272709712098458, 0.013133648521921873, 0.01948945844375498, 0.026287863870714006, 0.031138014093171518, 0.0332856002477072, 0.03381534263996383, 0.033666016351882995]
reactivities:
[-2.893899038985717, -1.4960811525904332, -0.9891195162461335, -0.592090494423703, -0.3608867538087818, -0.204491307186236, -0.10568587906450129, -0.04400480242209116, -0.01350495350546029, -0.0026721212030060395, 0.001048898656410764, -0.0008246795359376596]
job started at Mon Jan  2 05:59:50 2017 and ended at Mon Jan  2 07:01:43 2017
