crit search on 0.25 volfrac thorium
using default requested amount of memory, None 
0
using default requested amount of memory, None 
0
828271.necluster.engr.utk.edu

828272.necluster.engr.utk.edu

828290.necluster.engr.utk.edu

attempted PuGaF volume fractions and reactivities:
volfracs:
[0.001, 0.002, 0.0030797407408387632]
reactivities:
[-3.071512037425339, -1.5946394748449704, -1.0582950318932813]
828307.necluster.engr.utk.edu

attempted PuGaF volume fractions and reactivities:
volfracs:
[0.001, 0.002, 0.0030797407408387632, 0.005210245264151893]
reactivities:
[-3.071512037425339, -1.5946394748449704, -1.0582950318932813, -0.6359650557864084]
828324.necluster.engr.utk.edu

attempted PuGaF volume fractions and reactivities:
volfracs:
[0.001, 0.002, 0.0030797407408387632, 0.005210245264151893, 0.008418462782860908]
reactivities:
[-3.071512037425339, -1.5946394748449704, -1.0582950318932813, -0.6359650557864084, -0.38996418062306526]
828341.necluster.engr.utk.edu

attempted PuGaF volume fractions and reactivities:
volfracs:
[0.001, 0.002, 0.0030797407408387632, 0.005210245264151893, 0.008418462782860908, 0.01350417605568243]
reactivities:
[-3.071512037425339, -1.5946394748449704, -1.0582950318932813, -0.6359650557864084, -0.38996418062306526, -0.22338974383442148]
828357.necluster.engr.utk.edu

attempted PuGaF volume fractions and reactivities:
volfracs:
[0.001, 0.002, 0.0030797407408387632, 0.005210245264151893, 0.008418462782860908, 0.01350417605568243, 0.020324527408107775]
reactivities:
[-3.071512037425339, -1.5946394748449704, -1.0582950318932813, -0.6359650557864084, -0.38996418062306526, -0.22338974383442148, -0.1177730384200949]
828374.necluster.engr.utk.edu

attempted PuGaF volume fractions and reactivities:
volfracs:
[0.001, 0.002, 0.0030797407408387632, 0.005210245264151893, 0.008418462782860908, 0.01350417605568243, 0.020324527408107775, 0.027929891528458164]
reactivities:
[-3.071512037425339, -1.5946394748449704, -1.0582950318932813, -0.6359650557864084, -0.38996418062306526, -0.22338974383442148, -0.1177730384200949, -0.052870968557061436]
828391.necluster.engr.utk.edu

attempted PuGaF volume fractions and reactivities:
volfracs:
[0.001, 0.002, 0.0030797407408387632, 0.005210245264151893, 0.008418462782860908, 0.01350417605568243, 0.020324527408107775, 0.027929891528458164, 0.03412542532453939]
reactivities:
[-3.071512037425339, -1.5946394748449704, -1.0582950318932813, -0.6359650557864084, -0.38996418062306526, -0.22338974383442148, -0.1177730384200949, -0.052870968557061436, -0.016435766341746053]
828406.necluster.engr.utk.edu

attempted PuGaF volume fractions and reactivities:
volfracs:
[0.001, 0.002, 0.0030797407408387632, 0.005210245264151893, 0.008418462782860908, 0.01350417605568243, 0.020324527408107775, 0.027929891528458164, 0.03412542532453939, 0.03692020453924013]
reactivities:
[-3.071512037425339, -1.5946394748449704, -1.0582950318932813, -0.6359650557864084, -0.38996418062306526, -0.22338974383442148, -0.1177730384200949, -0.052870968557061436, -0.016435766341746053, -0.0025434527396003778]
828413.necluster.engr.utk.edu

attempted PuGaF volume fractions and reactivities:
volfracs:
[0.001, 0.002, 0.0030797407408387632, 0.005210245264151893, 0.008418462782860908, 0.01350417605568243, 0.020324527408107775, 0.027929891528458164, 0.03412542532453939, 0.03692020453924013, 0.03743188236726662]
reactivities:
[-3.071512037425339, -1.5946394748449704, -1.0582950318932813, -0.6359650557864084, -0.38996418062306526, -0.22338974383442148, -0.1177730384200949, -0.052870968557061436, -0.016435766341746053, -0.0025434527396003778, -0.00012901664314701172]
job started at Mon Jan  2 05:59:55 2017 and ended at Mon Jan  2 06:55:30 2017
