crit search on 0.1 volfrac thorium
using default requested amount of memory, None 
0
using default requested amount of memory, None 
0
828241.necluster.engr.utk.edu

828242.necluster.engr.utk.edu

828275.necluster.engr.utk.edu

attempted PuGaF volume fractions and reactivities:
volfracs:
[0.001, 0.002, 0.0029508712091006846]
reactivities:
[-1.8604282633195839, -0.9067885485906927, -0.5908848660713577]
828292.necluster.engr.utk.edu

attempted PuGaF volume fractions and reactivities:
volfracs:
[0.001, 0.002, 0.0029508712091006846, 0.004729436759713344]
reactivities:
[-1.8604282633195839, -0.9067885485906927, -0.5908848660713577, -0.33179555340100625]
828311.necluster.engr.utk.edu

attempted PuGaF volume fractions and reactivities:
volfracs:
[0.001, 0.002, 0.0029508712091006846, 0.004729436759713344, 0.007007107478907862]
reactivities:
[-1.8604282633195839, -0.9067885485906927, -0.5908848660713577, -0.33179555340100625, -0.18578809255313222]
828328.necluster.engr.utk.edu

attempted PuGaF volume fractions and reactivities:
volfracs:
[0.001, 0.002, 0.0029508712091006846, 0.004729436759713344, 0.007007107478907862, 0.009905343609622906]
reactivities:
[-1.8604282633195839, -0.9067885485906927, -0.5908848660713577, -0.33179555340100625, -0.18578809255313222, -0.08970090979128956]
828347.necluster.engr.utk.edu

attempted PuGaF volume fractions and reactivities:
volfracs:
[0.001, 0.002, 0.0029508712091006846, 0.004729436759713344, 0.007007107478907862, 0.009905343609622906, 0.012610953351137412]
reactivities:
[-1.8604282633195839, -0.9067885485906927, -0.5908848660713577, -0.33179555340100625, -0.18578809255313222, -0.08970090979128956, -0.03565018636525102]
828364.necluster.engr.utk.edu

attempted PuGaF volume fractions and reactivities:
volfracs:
[0.001, 0.002, 0.0029508712091006846, 0.004729436759713344, 0.007007107478907862, 0.009905343609622906, 0.012610953351137412, 0.014395489901302511]
reactivities:
[-1.8604282633195839, -0.9067885485906927, -0.5908848660713577, -0.33179555340100625, -0.18578809255313222, -0.08970090979128956, -0.03565018636525102, -0.011388231486538471]
828383.necluster.engr.utk.edu

attempted PuGaF volume fractions and reactivities:
volfracs:
[0.001, 0.002, 0.0029508712091006846, 0.004729436759713344, 0.007007107478907862, 0.009905343609622906, 0.012610953351137412, 0.014395489901302511, 0.01523312707567959]
reactivities:
[-1.8604282633195839, -0.9067885485906927, -0.5908848660713577, -0.33179555340100625, -0.18578809255313222, -0.08970090979128956, -0.03565018636525102, -0.011388231486538471, -0.0003711376920837733]
job started at Mon Jan  2 05:59:13 2017 and ended at Mon Jan  2 06:47:13 2017
