crit search on 0.09 volfrac thorium
using default requested amount of memory, None 
0
using default requested amount of memory, None 
0
828548.necluster.engr.utk.edu

828549.necluster.engr.utk.edu

828560.necluster.engr.utk.edu

attempted PuGaF volume fractions and reactivities:
volfracs:
[0.001, 0.002, 0.0029341968990676164]
reactivities:
[-1.7869437260322838, -0.863075154588661, -0.5616167105480963]
828569.necluster.engr.utk.edu

attempted PuGaF volume fractions and reactivities:
volfracs:
[0.001, 0.002, 0.0029341968990676164, 0.0046746045732609705]
reactivities:
[-1.7869437260322838, -0.863075154588661, -0.5616167105480963, -0.31406390029934383]
828576.necluster.engr.utk.edu

attempted PuGaF volume fractions and reactivities:
volfracs:
[0.001, 0.002, 0.0029341968990676164, 0.0046746045732609705, 0.006882615145707417]
reactivities:
[-1.7869437260322838, -0.863075154588661, -0.5616167105480963, -0.31406390029934383, -0.17264088107545245]
828585.necluster.engr.utk.edu

attempted PuGaF volume fractions and reactivities:
volfracs:
[0.001, 0.002, 0.0029341968990676164, 0.0046746045732609705, 0.006882615145707417, 0.009578024229341743]
reactivities:
[-1.7869437260322838, -0.863075154588661, -0.5616167105480963, -0.31406390029934383, -0.17264088107545245, -0.0824221143167644]
828594.necluster.engr.utk.edu

attempted PuGaF volume fractions and reactivities:
volfracs:
[0.001, 0.002, 0.0029341968990676164, 0.0046746045732609705, 0.006882615145707417, 0.009578024229341743, 0.012040497654809615]
reactivities:
[-1.7869437260322838, -0.863075154588661, -0.5616167105480963, -0.31406390029934383, -0.17264088107545245, -0.0824221143167644, -0.03241792277513936]
828603.necluster.engr.utk.edu

attempted PuGaF volume fractions and reactivities:
volfracs:
[0.001, 0.002, 0.0029341968990676164, 0.0046746045732609705, 0.006882615145707417, 0.009578024229341743, 0.012040497654809615, 0.01363692929146949]
reactivities:
[-1.7869437260322838, -0.863075154588661, -0.5616167105480963, -0.31406390029934383, -0.17264088107545245, -0.0824221143167644, -0.03241792277513936, -0.007580024524497742]
828610.necluster.engr.utk.edu

attempted PuGaF volume fractions and reactivities:
volfracs:
[0.001, 0.002, 0.0029341968990676164, 0.0046746045732609705, 0.006882615145707417, 0.009578024229341743, 0.012040497654809615, 0.01363692929146949, 0.014124127960030479]
reactivities:
[-1.7869437260322838, -0.863075154588661, -0.5616167105480963, -0.31406390029934383, -0.17264088107545245, -0.0824221143167644, -0.03241792277513936, -0.007580024524497742, -0.0008407061932022417]
job started at Mon Jan  2 15:45:04 2017 and ended at Mon Jan  2 16:20:58 2017
