crit search on 0.06 volfrac thorium
using default requested amount of memory, None 
0
using default requested amount of memory, None 
0
828542.necluster.engr.utk.edu

828543.necluster.engr.utk.edu

828554.necluster.engr.utk.edu

attempted PuGaF volume fractions and reactivities:
volfracs:
[0.001, 0.002, 0.002878380486107779]
reactivities:
[-1.5668998267342618, -0.7327238765884745, -0.47392841719249057]
828563.necluster.engr.utk.edu

attempted PuGaF volume fractions and reactivities:
volfracs:
[0.001, 0.002, 0.002878380486107779, 0.004486946086313553]
reactivities:
[-1.5668998267342618, -0.7327238765884745, -0.47392841719249057, -0.2561677838185491]
828572.necluster.engr.utk.edu

attempted PuGaF volume fractions and reactivities:
volfracs:
[0.001, 0.002, 0.002878380486107779, 0.004486946086313553, 0.006379219627894726]
reactivities:
[-1.5668998267342618, -0.7327238765884745, -0.47392841719249057, -0.2561677838185491, -0.13367502298526115]
828581.necluster.engr.utk.edu

attempted PuGaF volume fractions and reactivities:
volfracs:
[0.001, 0.002, 0.002878380486107779, 0.004486946086313553, 0.006379219627894726, 0.008444237245625852]
reactivities:
[-1.5668998267342618, -0.7327238765884745, -0.47392841719249057, -0.2561677838185491, -0.13367502298526115, -0.05993171919864924]
828589.necluster.engr.utk.edu

attempted PuGaF volume fractions and reactivities:
volfracs:
[0.001, 0.002, 0.002878380486107779, 0.004486946086313553, 0.006379219627894726, 0.008444237245625852, 0.010122492078962922]
reactivities:
[-1.5668998267342618, -0.7327238765884745, -0.47392841719249057, -0.2561677838185491, -0.13367502298526115, -0.05993171919864924, -0.020268657142798893]
828598.necluster.engr.utk.edu

attempted PuGaF volume fractions and reactivities:
volfracs:
[0.001, 0.002, 0.002878380486107779, 0.004486946086313553, 0.006379219627894726, 0.008444237245625852, 0.010122492078962922, 0.010980115521329917]
reactivities:
[-1.5668998267342618, -0.7327238765884745, -0.47392841719249057, -0.2561677838185491, -0.13367502298526115, -0.05993171919864924, -0.020268657142798893, -0.0023253949162055855]
828605.necluster.engr.utk.edu

attempted PuGaF volume fractions and reactivities:
volfracs:
[0.001, 0.002, 0.002878380486107779, 0.004486946086313553, 0.006379219627894726, 0.008444237245625852, 0.010122492078962922, 0.010980115521329917, 0.011091261040339454]
reactivities:
[-1.5668998267342618, -0.7327238765884745, -0.47392841719249057, -0.2561677838185491, -0.13367502298526115, -0.05993171919864924, -0.020268657142798893, -0.0023253949162055855, -0.0013478141578564331]
828612.necluster.engr.utk.edu

attempted PuGaF volume fractions and reactivities:
volfracs:
[0.001, 0.002, 0.002878380486107779, 0.004486946086313553, 0.006379219627894726, 0.008444237245625852, 0.010122492078962922, 0.010980115521329917, 0.011091261040339454, 0.011244500046758045]
reactivities:
[-1.5668998267342618, -0.7327238765884745, -0.47392841719249057, -0.2561677838185491, -0.13367502298526115, -0.05993171919864924, -0.020268657142798893, -0.0023253949162055855, -0.0013478141578564331, 0.0020657239514205758]
828615.necluster.engr.utk.edu

attempted PuGaF volume fractions and reactivities:
volfracs:
[0.001, 0.002, 0.002878380486107779, 0.004486946086313553, 0.006379219627894726, 0.008444237245625852, 0.010122492078962922, 0.010980115521329917, 0.011091261040339454, 0.011244500046758045, 0.011151766502934266]
reactivities:
[-1.5668998267342618, -0.7327238765884745, -0.47392841719249057, -0.2561677838185491, -0.13367502298526115, -0.05993171919864924, -0.020268657142798893, -0.0023253949162055855, -0.0013478141578564331, 0.0020657239514205758, 0.0003798556548512035]
job started at Mon Jan  2 15:44:57 2017 and ended at Mon Jan  2 16:25:28 2017
