crit search on 0.19 volfrac thorium
using default requested amount of memory, None 
0
using default requested amount of memory, None 
0
828259.necluster.engr.utk.edu

828260.necluster.engr.utk.edu

828284.necluster.engr.utk.edu

attempted PuGaF volume fractions and reactivities:
volfracs:
[0.001, 0.002, 0.003036913172429976]
reactivities:
[-2.5522212039188106, -1.2992364235837277, -0.8613932155940076]
828302.necluster.engr.utk.edu

attempted PuGaF volume fractions and reactivities:
volfracs:
[0.001, 0.002, 0.003036913172429976, 0.0050768899394378845]
reactivities:
[-2.5522212039188106, -1.2992364235837277, -0.8613932155940076, -0.5083707032175057]
828319.necluster.engr.utk.edu

attempted PuGaF volume fractions and reactivities:
volfracs:
[0.001, 0.002, 0.003036913172429976, 0.0050768899394378845, 0.008014562147960225]
reactivities:
[-2.5522212039188106, -1.2992364235837277, -0.8613932155940076, -0.5083707032175057, -0.30215963174925603]
828336.necluster.engr.utk.edu

attempted PuGaF volume fractions and reactivities:
volfracs:
[0.001, 0.002, 0.003036913172429976, 0.0050768899394378845, 0.008014562147960225, 0.012319112560345844]
reactivities:
[-2.5522212039188106, -1.2992364235837277, -0.8613932155940076, -0.5083707032175057, -0.30215963174925603, -0.16641063953128962]
828352.necluster.engr.utk.edu

attempted PuGaF volume fractions and reactivities:
volfracs:
[0.001, 0.002, 0.003036913172429976, 0.0050768899394378845, 0.008014562147960225, 0.012319112560345844, 0.017595932485974446]
reactivities:
[-2.5522212039188106, -1.2992364235837277, -0.8613932155940076, -0.5083707032175057, -0.30215963174925603, -0.16641063953128962, -0.08164353571965532]
828370.necluster.engr.utk.edu

attempted PuGaF volume fractions and reactivities:
volfracs:
[0.001, 0.002, 0.003036913172429976, 0.0050768899394378845, 0.008014562147960225, 0.012319112560345844, 0.017595932485974446, 0.022678307802719882]
reactivities:
[-2.5522212039188106, -1.2992364235837277, -0.8613932155940076, -0.5083707032175057, -0.30215963174925603, -0.16641063953128962, -0.08164353571965532, -0.031331861966543556]
828387.necluster.engr.utk.edu

attempted PuGaF volume fractions and reactivities:
volfracs:
[0.001, 0.002, 0.003036913172429976, 0.0050768899394378845, 0.008014562147960225, 0.012319112560345844, 0.017595932485974446, 0.022678307802719882, 0.02584338401679807]
reactivities:
[-2.5522212039188106, -1.2992364235837277, -0.8613932155940076, -0.5083707032175057, -0.30215963174925603, -0.16641063953128962, -0.08164353571965532, -0.031331861966543556, -0.008322695528895486]
828403.necluster.engr.utk.edu

attempted PuGaF volume fractions and reactivities:
volfracs:
[0.001, 0.002, 0.003036913172429976, 0.0050768899394378845, 0.008014562147960225, 0.012319112560345844, 0.017595932485974446, 0.022678307802719882, 0.02584338401679807, 0.026988230603348932]
reactivities:
[-2.5522212039188106, -1.2992364235837277, -0.8613932155940076, -0.5083707032175057, -0.30215963174925603, -0.16641063953128962, -0.08164353571965532, -0.031331861966543556, -0.008322695528895486, -0.0007645841422846924]
job started at Mon Jan  2 05:59:39 2017 and ended at Mon Jan  2 06:51:52 2017
