crit search on 0.03 volfrac thorium
using default requested amount of memory, None 
0
using default requested amount of memory, None 
0
828536.necluster.engr.utk.edu

828537.necluster.engr.utk.edu

828553.necluster.engr.utk.edu

attempted PuGaF volume fractions and reactivities:
volfracs:
[0.001, 0.002, 0.0028031232359938237]
reactivities:
[-1.3324866406827651, -0.5934985260138633, -0.37660460474240287]
828562.necluster.engr.utk.edu

attempted PuGaF volume fractions and reactivities:
volfracs:
[0.001, 0.002, 0.0028031232359938237, 0.00419762939401722]
reactivities:
[-1.3324866406827651, -0.5934985260138633, -0.37660460474240287, -0.19425230251843928]
828570.necluster.engr.utk.edu

attempted PuGaF volume fractions and reactivities:
volfracs:
[0.001, 0.002, 0.0028031232359938237, 0.00419762939401722, 0.005683138645989742]
reactivities:
[-1.3324866406827651, -0.5934985260138633, -0.37660460474240287, -0.19425230251843928, -0.09392793421554978]
828579.necluster.engr.utk.edu

attempted PuGaF volume fractions and reactivities:
volfracs:
[0.001, 0.002, 0.0028031232359938237, 0.00419762939401722, 0.005683138645989742, 0.007073935494813227]
reactivities:
[-1.3324866406827651, -0.5934985260138633, -0.37660460474240287, -0.19425230251843928, -0.09392793421554978, -0.036424088154087195]
828588.necluster.engr.utk.edu

attempted PuGaF volume fractions and reactivities:
volfracs:
[0.001, 0.002, 0.0028031232359938237, 0.00419762939401722, 0.005683138645989742, 0.007073935494813227, 0.00795489408272798]
reactivities:
[-1.3324866406827651, -0.5934985260138633, -0.37660460474240287, -0.19425230251843928, -0.09392793421554978, -0.036424088154087195, -0.009988789124440673]
828597.necluster.engr.utk.edu

attempted PuGaF volume fractions and reactivities:
volfracs:
[0.001, 0.002, 0.0028031232359938237, 0.00419762939401722, 0.005683138645989742, 0.007073935494813227, 0.00795489408272798, 0.00828777132963095]
reactivities:
[-1.3324866406827651, -0.5934985260138633, -0.37660460474240287, -0.19425230251843928, -0.09392793421554978, -0.036424088154087195, -0.009988789124440673, -0.0010731504172472508]
828606.necluster.engr.utk.edu

attempted PuGaF volume fractions and reactivities:
volfracs:
[0.001, 0.002, 0.0028031232359938237, 0.00419762939401722, 0.005683138645989742, 0.007073935494813227, 0.00795489408272798, 0.00828777132963095, 0.00832783882991198]
reactivities:
[-1.3324866406827651, -0.5934985260138633, -0.37660460474240287, -0.19425230251843928, -0.09392793421554978, -0.036424088154087195, -0.009988789124440673, -0.0010731504172472508, 0.0009590792838875398]
job started at Mon Jan  2 15:44:48 2017 and ended at Mon Jan  2 16:18:27 2017
