crit search on 0.07 volfrac thorium
using default requested amount of memory, None 
0
using default requested amount of memory, None 
0
828544.necluster.engr.utk.edu

828545.necluster.engr.utk.edu

828556.necluster.engr.utk.edu

attempted PuGaF volume fractions and reactivities:
volfracs:
[0.001, 0.002, 0.0028953166900420766]
reactivities:
[-1.6427061310782238, -0.7759875822948247, -0.5034293222841301]
828565.necluster.engr.utk.edu

attempted PuGaF volume fractions and reactivities:
volfracs:
[0.001, 0.002, 0.0028953166900420766, 0.0045490133143156085]
reactivities:
[-1.6427061310782238, -0.7759875822948247, -0.5034293222841301, -0.27628672036430335]
828574.necluster.engr.utk.edu

attempted PuGaF volume fractions and reactivities:
volfracs:
[0.001, 0.002, 0.0028953166900420766, 0.0045490133143156085, 0.006560500428297518]
reactivities:
[-1.6427061310782238, -0.7759875822948247, -0.5034293222841301, -0.27628672036430335, -0.1474798473851803]
828583.necluster.engr.utk.edu

attempted PuGaF volume fractions and reactivities:
volfracs:
[0.001, 0.002, 0.0028953166900420766, 0.0045490133143156085, 0.006560500428297518, 0.008863590362290327]
reactivities:
[-1.6427061310782238, -0.7759875822948247, -0.5034293222841301, -0.27628672036430335, -0.1474798473851803, -0.06716069092251778]
828592.necluster.engr.utk.edu

attempted PuGaF volume fractions and reactivities:
volfracs:
[0.001, 0.002, 0.0028953166900420766, 0.0045490133143156085, 0.006560500428297518, 0.008863590362290327, 0.01078937143415152]
reactivities:
[-1.6427061310782238, -0.7759875822948247, -0.5034293222841301, -0.27628672036430335, -0.1474798473851803, -0.06716069092251778, -0.022710305033575524]
828600.necluster.engr.utk.edu

attempted PuGaF volume fractions and reactivities:
volfracs:
[0.001, 0.002, 0.0028953166900420766, 0.0045490133143156085, 0.006560500428297518, 0.008863590362290327, 0.01078937143415152, 0.011773279103235074]
reactivities:
[-1.6427061310782238, -0.7759875822948247, -0.5034293222841301, -0.27628672036430335, -0.1474798473851803, -0.06716069092251778, -0.022710305033575524, -0.004997854329581011]
828608.necluster.engr.utk.edu

attempted PuGaF volume fractions and reactivities:
volfracs:
[0.001, 0.002, 0.0028953166900420766, 0.0045490133143156085, 0.006560500428297518, 0.008863590362290327, 0.01078937143415152, 0.011773279103235074, 0.012050904559249934]
reactivities:
[-1.6427061310782238, -0.7759875822948247, -0.5034293222841301, -0.27628672036430335, -0.1474798473851803, -0.06716069092251778, -0.022710305033575524, -0.004997854329581011, -0.0010801654985730124]
828613.necluster.engr.utk.edu

attempted PuGaF volume fractions and reactivities:
volfracs:
[0.001, 0.002, 0.0028953166900420766, 0.0045490133143156085, 0.006560500428297518, 0.008863590362290327, 0.01078937143415152, 0.011773279103235074, 0.012050904559249934, 0.012127450056365306]
reactivities:
[-1.6427061310782238, -0.7759875822948247, -0.5034293222841301, -0.27628672036430335, -0.1474798473851803, -0.06716069092251778, -0.022710305033575524, -0.004997854329581011, -0.0010801654985730124, -0.00011501322652102614]
job started at Mon Jan  2 15:44:59 2017 and ended at Mon Jan  2 16:23:51 2017
