crit search on 0.05 volfrac thorium
using default requested amount of memory, None 
0
using default requested amount of memory, None 
0
828540.necluster.engr.utk.edu

828541.necluster.engr.utk.edu

828555.necluster.engr.utk.edu

attempted PuGaF volume fractions and reactivities:
volfracs:
[0.001, 0.002, 0.002858188774564898]
reactivities:
[-1.490176254675306, -0.6882253037961433, -0.4440600035812688]
828564.necluster.engr.utk.edu

attempted PuGaF volume fractions and reactivities:
volfracs:
[0.001, 0.002, 0.002858188774564898, 0.0044189646504625875]
reactivities:
[-1.490176254675306, -0.6882253037961433, -0.4440600035812688, -0.23302889849829406]
828573.necluster.engr.utk.edu

attempted PuGaF volume fractions and reactivities:
volfracs:
[0.001, 0.002, 0.002858188774564898, 0.0044189646504625875, 0.006142435145582937]
reactivities:
[-1.490176254675306, -0.6882253037961433, -0.4440600035812688, -0.23302889849829406, -0.12302516025569034]
828582.necluster.engr.utk.edu

attempted PuGaF volume fractions and reactivities:
volfracs:
[0.001, 0.002, 0.002858188774564898, 0.0044189646504625875, 0.006142435145582937, 0.00806991722251491]
reactivities:
[-1.490176254675306, -0.6882253037961433, -0.4440600035812688, -0.23302889849829406, -0.12302516025569034, -0.05051175680232624]
828591.necluster.engr.utk.edu

attempted PuGaF volume fractions and reactivities:
volfracs:
[0.001, 0.002, 0.002858188774564898, 0.0044189646504625875, 0.006142435145582937, 0.00806991722251491, 0.009412572528625958]
reactivities:
[-1.490176254675306, -0.6882253037961433, -0.4440600035812688, -0.23302889849829406, -0.12302516025569034, -0.05051175680232624, -0.016523590971237484]
828602.necluster.engr.utk.edu

attempted PuGaF volume fractions and reactivities:
volfracs:
[0.001, 0.002, 0.002858188774564898, 0.0044189646504625875, 0.006142435145582937, 0.00806991722251491, 0.009412572528625958, 0.010065314050595573]
reactivities:
[-1.490176254675306, -0.6882253037961433, -0.4440600035812688, -0.23302889849829406, -0.12302516025569034, -0.05051175680232624, -0.016523590971237484, -0.0025766219183300694]
828611.necluster.engr.utk.edu

attempted PuGaF volume fractions and reactivities:
volfracs:
[0.001, 0.002, 0.002858188774564898, 0.0044189646504625875, 0.006142435145582937, 0.00806991722251491, 0.009412572528625958, 0.010065314050595573, 0.010185904273900072]
reactivities:
[-1.490176254675306, -0.6882253037961433, -0.4440600035812688, -0.23302889849829406, -0.12302516025569034, -0.05051175680232624, -0.016523590971237484, -0.0025766219183300694, 0.0002599324175713584]
job started at Mon Jan  2 15:44:54 2017 and ended at Mon Jan  2 16:21:38 2017
