crit search on 0.24 volfrac thorium
using default requested amount of memory, None 
0
using default requested amount of memory, None 
0
828269.necluster.engr.utk.edu

828270.necluster.engr.utk.edu

828288.necluster.engr.utk.edu

attempted PuGaF volume fractions and reactivities:
volfracs:
[0.001, 0.002, 0.0030731810862192855]
reactivities:
[-2.9853498539369276, -1.545364763497433, -1.023808078232325]
828305.necluster.engr.utk.edu

attempted PuGaF volume fractions and reactivities:
volfracs:
[0.001, 0.002, 0.0030731810862192855, 0.005179819724968512]
reactivities:
[-2.9853498539369276, -1.545364763497433, -1.023808078232325, -0.6175236037131872]
828321.necluster.engr.utk.edu

attempted PuGaF volume fractions and reactivities:
volfracs:
[0.001, 0.002, 0.0030731810862192855, 0.005179819724968512, 0.00838176113673808]
reactivities:
[-2.9853498539369276, -1.545364763497433, -1.023808078232325, -0.6175236037131872, -0.3736716595052585]
828338.necluster.engr.utk.edu

attempted PuGaF volume fractions and reactivities:
volfracs:
[0.001, 0.002, 0.0030731810862192855, 0.005179819724968512, 0.00838176113673808, 0.013288323456185205]
reactivities:
[-2.9853498539369276, -1.545364763497433, -1.023808078232325, -0.6175236037131872, -0.3736716595052585, -0.2147288300096328]
828355.necluster.engr.utk.edu

attempted PuGaF volume fractions and reactivities:
volfracs:
[0.001, 0.002, 0.0030731810862192855, 0.005179819724968512, 0.00838176113673808, 0.013288323456185205, 0.019916998619245813]
reactivities:
[-2.9853498539369276, -1.545364763497433, -1.023808078232325, -0.6175236037131872, -0.3736716595052585, -0.2147288300096328, -0.11056199990004936]
828372.necluster.engr.utk.edu

attempted PuGaF volume fractions and reactivities:
volfracs:
[0.001, 0.002, 0.0030731810862192855, 0.005179819724968512, 0.00838176113673808, 0.013288323456185205, 0.019916998619245813, 0.026952631574043207]
reactivities:
[-2.9853498539369276, -1.545364763497433, -1.023808078232325, -0.6175236037131872, -0.3736716595052585, -0.2147288300096328, -0.11056199990004936, -0.049105480212297034]
828389.necluster.engr.utk.edu

attempted PuGaF volume fractions and reactivities:
volfracs:
[0.001, 0.002, 0.0030731810862192855, 0.005179819724968512, 0.00838176113673808, 0.013288323456185205, 0.019916998619245813, 0.026952631574043207, 0.03257429932545739]
reactivities:
[-2.9853498539369276, -1.545364763497433, -1.023808078232325, -0.6175236037131872, -0.3736716595052585, -0.2147288300096328, -0.11056199990004936, -0.049105480212297034, -0.01602680685127192]
828404.necluster.engr.utk.edu

attempted PuGaF volume fractions and reactivities:
volfracs:
[0.001, 0.002, 0.0030731810862192855, 0.005179819724968512, 0.00838176113673808, 0.013288323456185205, 0.019916998619245813, 0.026952631574043207, 0.03257429932545739, 0.03529802957456998]
reactivities:
[-2.9853498539369276, -1.545364763497433, -1.023808078232325, -0.6175236037131872, -0.3736716595052585, -0.2147288300096328, -0.11056199990004936, -0.049105480212297034, -0.01602680685127192, -0.001106222375725199]
828414.necluster.engr.utk.edu

attempted PuGaF volume fractions and reactivities:
volfracs:
[0.001, 0.002, 0.0030731810862192855, 0.005179819724968512, 0.00838176113673808, 0.013288323456185205, 0.019916998619245813, 0.026952631574043207, 0.03257429932545739, 0.03529802957456998, 0.03549996880503015]
reactivities:
[-2.9853498539369276, -1.545364763497433, -1.023808078232325, -0.6175236037131872, -0.3736716595052585, -0.2147288300096328, -0.11056199990004936, -0.049105480212297034, -0.01602680685127192, -0.001106222375725199, 0.0002499375156211782]
job started at Mon Jan  2 05:59:53 2017 and ended at Mon Jan  2 06:55:36 2017
