crit search on 0.02 volfrac thorium
using default requested amount of memory, None 
0
using default requested amount of memory, None 
0
828534.necluster.engr.utk.edu

828535.necluster.engr.utk.edu

828551.necluster.engr.utk.edu

attempted PuGaF volume fractions and reactivities:
volfracs:
[0.001, 0.002, 0.002761423857008182]
reactivities:
[-1.2477314770068308, -0.5393662121431364, -0.3423593576542002]
828561.necluster.engr.utk.edu

attempted PuGaF volume fractions and reactivities:
volfracs:
[0.001, 0.002, 0.002761423857008182, 0.004084629505177873]
reactivities:
[-1.2477314770068308, -0.5393662121431364, -0.3423593576542002, -0.17143205225524102]
828571.necluster.engr.utk.edu

attempted PuGaF volume fractions and reactivities:
volfracs:
[0.001, 0.002, 0.002761423857008182, 0.004084629505177873, 0.005411742568196052]
reactivities:
[-1.2477314770068308, -0.5393662121431364, -0.3423593576542002, -0.17143205225524102, -0.07807761511982296]
828580.necluster.engr.utk.edu

attempted PuGaF volume fractions and reactivities:
volfracs:
[0.001, 0.002, 0.002761423857008182, 0.004084629505177873, 0.005411742568196052, 0.006521682557492079]
reactivities:
[-1.2477314770068308, -0.5393662121431364, -0.3423593576542002, -0.17143205225524102, -0.07807761511982296, -0.028314643714683795]
828590.necluster.engr.utk.edu

attempted PuGaF volume fractions and reactivities:
volfracs:
[0.001, 0.002, 0.002761423857008182, 0.004084629505177873, 0.005411742568196052, 0.006521682557492079, 0.00715322754876146]
reactivities:
[-1.2477314770068308, -0.5393662121431364, -0.3423593576542002, -0.17143205225524102, -0.07807761511982296, -0.028314643714683795, -0.006114155724336794]
828599.necluster.engr.utk.edu

attempted PuGaF volume fractions and reactivities:
volfracs:
[0.001, 0.002, 0.002761423857008182, 0.004084629505177873, 0.005411742568196052, 0.006521682557492079, 0.00715322754876146, 0.0073271590598717054]
reactivities:
[-1.2477314770068308, -0.5393662121431364, -0.3423593576542002, -0.17143205225524102, -0.07807761511982296, -0.028314643714683795, -0.006114155724336794, -0.0013879236621958018]
828607.necluster.engr.utk.edu

attempted PuGaF volume fractions and reactivities:
volfracs:
[0.001, 0.002, 0.002761423857008182, 0.004084629505177873, 0.005411742568196052, 0.006521682557492079, 0.00715322754876146, 0.0073271590598717054, 0.007378236462905958]
reactivities:
[-1.2477314770068308, -0.5393662121431364, -0.3423593576542002, -0.17143205225524102, -0.07807761511982296, -0.028314643714683795, -0.006114155724336794, -0.0013879236621958018, 0.0002699271196776795]
job started at Mon Jan  2 15:44:46 2017 and ended at Mon Jan  2 16:19:03 2017
