crit search on 0.17 volfrac thorium
using default requested amount of memory, None 
0
using default requested amount of memory, None 
0
828255.necluster.engr.utk.edu

828256.necluster.engr.utk.edu

828282.necluster.engr.utk.edu

attempted PuGaF volume fractions and reactivities:
volfracs:
[0.001, 0.002, 0.0030248819570566953]
reactivities:
[-2.393488574123971, -1.2114500035383202, -0.7994673576621321]
828298.necluster.engr.utk.edu

attempted PuGaF volume fractions and reactivities:
volfracs:
[0.001, 0.002, 0.0030248819570566953, 0.005013702792898286]
reactivities:
[-2.393488574123971, -1.2114500035383202, -0.7994673576621321, -0.46787051620602454]
828315.necluster.engr.utk.edu

attempted PuGaF volume fractions and reactivities:
volfracs:
[0.001, 0.002, 0.0030248819570566953, 0.005013702792898286, 0.007819853258688145]
reactivities:
[-2.393488574123971, -1.2114500035383202, -0.7994673576621321, -0.46787051620602454, -0.27506783360874804]
828331.necluster.engr.utk.edu

attempted PuGaF volume fractions and reactivities:
volfracs:
[0.001, 0.002, 0.0030248819570566953, 0.005013702792898286, 0.007819853258688145, 0.01182333349561665]
reactivities:
[-2.393488574123971, -1.2114500035383202, -0.7994673576621321, -0.46787051620602454, -0.27506783360874804, -0.14967240084937805]
828346.necluster.engr.utk.edu

attempted PuGaF volume fractions and reactivities:
volfracs:
[0.001, 0.002, 0.0030248819570566953, 0.005013702792898286, 0.007819853258688145, 0.01182333349561665, 0.01660190067010053]
reactivities:
[-2.393488574123971, -1.2114500035383202, -0.7994673576621321, -0.46787051620602454, -0.27506783360874804, -0.14967240084937805, -0.07055950651488987]
828362.necluster.engr.utk.edu

attempted PuGaF volume fractions and reactivities:
volfracs:
[0.001, 0.002, 0.0030248819570566953, 0.005013702792898286, 0.007819853258688145, 0.01182333349561665, 0.01660190067010053, 0.02086382718051576]
reactivities:
[-2.393488574123971, -1.2114500035383202, -0.7994673576621321, -0.46787051620602454, -0.27506783360874804, -0.14967240084937805, -0.07055950651488987, -0.02581146816188948]
828381.necluster.engr.utk.edu

attempted PuGaF volume fractions and reactivities:
volfracs:
[0.001, 0.002, 0.0030248819570566953, 0.005013702792898286, 0.007819853258688145, 0.01182333349561665, 0.01660190067010053, 0.02086382718051576, 0.02332218255162935]
reactivities:
[-2.393488574123971, -1.2114500035383202, -0.7994673576621321, -0.46787051620602454, -0.27506783360874804, -0.14967240084937805, -0.07055950651488987, -0.02581146816188948, -0.006191093800152301]
828398.necluster.engr.utk.edu

attempted PuGaF volume fractions and reactivities:
volfracs:
[0.001, 0.002, 0.0030248819570566953, 0.005013702792898286, 0.007819853258688145, 0.01182333349561665, 0.01660190067010053, 0.02086382718051576, 0.02332218255162935, 0.024097902138629362]
reactivities:
[-2.393488574123971, -1.2114500035383202, -0.7994673576621321, -0.46787051620602454, -0.27506783360874804, -0.14967240084937805, -0.07055950651488987, -0.02581146816188948, -0.006191093800152301, -0.00031910179347207577]
job started at Mon Jan  2 05:59:34 2017 and ended at Mon Jan  2 06:51:23 2017
