crit search on 0.15 volfrac thorium
using default requested amount of memory, None 
0
using default requested amount of memory, None 
0
828251.necluster.engr.utk.edu

828252.necluster.engr.utk.edu

828279.necluster.engr.utk.edu

attempted PuGaF volume fractions and reactivities:
volfracs:
[0.001, 0.002, 0.003004653162433986]
reactivities:
[-2.2407767493712893, -1.1229889986710089, -0.7388733839345489]
828297.necluster.engr.utk.edu

attempted PuGaF volume fractions and reactivities:
volfracs:
[0.001, 0.002, 0.003004653162433986, 0.004937174136145096]
reactivities:
[-2.2407767493712893, -1.1229889986710089, -0.7388733839345489, -0.4285530614606384]
828313.necluster.engr.utk.edu

attempted PuGaF volume fractions and reactivities:
volfracs:
[0.001, 0.002, 0.003004653162433986, 0.004937174136145096, 0.007605989935956009]
reactivities:
[-2.2407767493712893, -1.1229889986710089, -0.7388733839345489, -0.4285530614606384, -0.25007969258040197]
828329.necluster.engr.utk.edu

attempted PuGaF volume fractions and reactivities:
volfracs:
[0.001, 0.002, 0.003004653162433986, 0.004937174136145096, 0.007605989935956009, 0.011345576625880037]
reactivities:
[-2.2407767493712893, -1.1229889986710089, -0.7388733839345489, -0.4285530614606384, -0.25007969258040197, -0.1324977010296669]
828345.necluster.engr.utk.edu

attempted PuGaF volume fractions and reactivities:
volfracs:
[0.001, 0.002, 0.003004653162433986, 0.004937174136145096, 0.007605989935956009, 0.011345576625880037, 0.015559543685642583]
reactivities:
[-2.2407767493712893, -1.1229889986710089, -0.7388733839345489, -0.4285530614606384, -0.25007969258040197, -0.1324977010296669, -0.059117839569066175]
828363.necluster.engr.utk.edu

attempted PuGaF volume fractions and reactivities:
volfracs:
[0.001, 0.002, 0.003004653162433986, 0.004937174136145096, 0.007605989935956009, 0.011345576625880037, 0.015559543685642583, 0.018954489160187122]
reactivities:
[-2.2407767493712893, -1.1229889986710089, -0.7388733839345489, -0.4285530614606384, -0.25007969258040197, -0.1324977010296669, -0.059117839569066175, -0.02142646291251587]
828379.necluster.engr.utk.edu

attempted PuGaF volume fractions and reactivities:
volfracs:
[0.001, 0.002, 0.003004653162433986, 0.004937174136145096, 0.007605989935956009, 0.011345576625880037, 0.015559543685642583, 0.018954489160187122, 0.020884417959635748]
reactivities:
[-2.2407767493712893, -1.1229889986710089, -0.7388733839345489, -0.4285530614606384, -0.25007969258040197, -0.1324977010296669, -0.059117839569066175, -0.02142646291251587, -0.0035173282354652863]
828396.necluster.engr.utk.edu

attempted PuGaF volume fractions and reactivities:
volfracs:
[0.001, 0.002, 0.003004653162433986, 0.004937174136145096, 0.007605989935956009, 0.011345576625880037, 0.015559543685642583, 0.018954489160187122, 0.020884417959635748, 0.021263453193953178]
reactivities:
[-2.2407767493712893, -1.1229889986710089, -0.7388733839345489, -0.4285530614606384, -0.25007969258040197, -0.1324977010296669, -0.059117839569066175, -0.02142646291251587, -0.0035173282354652863, -0.000961924409357382]
job started at Mon Jan  2 05:59:29 2017 and ended at Mon Jan  2 06:50:46 2017
