crit search on 0.04 volfrac thorium
using default requested amount of memory, None 
0
using default requested amount of memory, None 
0
828538.necluster.engr.utk.edu

828539.necluster.engr.utk.edu

828552.necluster.engr.utk.edu

attempted PuGaF volume fractions and reactivities:
volfracs:
[0.001, 0.002, 0.0028328883748297467]
reactivities:
[-1.414012861860528, -0.6425458804128047, -0.4110661451366195]
828559.necluster.engr.utk.edu

attempted PuGaF volume fractions and reactivities:
volfracs:
[0.001, 0.002, 0.0028328883748297467, 0.00431194749489429]
reactivities:
[-1.414012861860528, -0.6425458804128047, -0.4110661451366195, -0.21531491240010112]
828568.necluster.engr.utk.edu

attempted PuGaF volume fractions and reactivities:
volfracs:
[0.001, 0.002, 0.0028328883748297467, 0.00431194749489429, 0.005938826061221994]
reactivities:
[-1.414012861860528, -0.6425458804128047, -0.4110661451366195, -0.21531491240010112, -0.1078221103568073]
828577.necluster.engr.utk.edu

attempted PuGaF volume fractions and reactivities:
volfracs:
[0.001, 0.002, 0.0028328883748297467, 0.00431194749489429, 0.005938826061221994, 0.007570688632308946]
reactivities:
[-1.414012861860528, -0.6425458804128047, -0.4110661451366195, -0.21531491240010112, -0.1078221103568073, -0.04363108476058585]
828586.necluster.engr.utk.edu

attempted PuGaF volume fractions and reactivities:
volfracs:
[0.001, 0.002, 0.0028328883748297467, 0.00431194749489429, 0.005938826061221994, 0.007570688632308946, 0.00867987692608367]
reactivities:
[-1.414012861860528, -0.6425458804128047, -0.4110661451366195, -0.21531491240010112, -0.1078221103568073, -0.04363108476058585, -0.013531661208798673]
828595.necluster.engr.utk.edu

attempted PuGaF volume fractions and reactivities:
volfracs:
[0.001, 0.002, 0.0028328883748297467, 0.00431194749489429, 0.005938826061221994, 0.007570688632308946, 0.00867987692608367, 0.009178529672117198]
reactivities:
[-1.414012861860528, -0.6425458804128047, -0.4110661451366195, -0.21531491240010112, -0.1078221103568073, -0.04363108476058585, -0.013531661208798673, -0.0016898507782629236]
828604.necluster.engr.utk.edu

attempted PuGaF volume fractions and reactivities:
volfracs:
[0.001, 0.002, 0.0028328883748297467, 0.00431194749489429, 0.005938826061221994, 0.007570688632308946, 0.00867987692608367, 0.009178529672117198, 0.00924968844770398]
reactivities:
[-1.414012861860528, -0.6425458804128047, -0.4110661451366195, -0.21531491240010112, -0.1078221103568073, -0.04363108476058585, -0.013531661208798673, -0.0016898507782629236, 0.00011998560172769066]
job started at Mon Jan  2 15:44:52 2017 and ended at Mon Jan  2 16:17:48 2017
