crit search on 0.22 volfrac thorium
using default requested amount of memory, None 
0
using default requested amount of memory, None 
0
828265.necluster.engr.utk.edu

828266.necluster.engr.utk.edu

828287.necluster.engr.utk.edu

attempted PuGaF volume fractions and reactivities:
volfracs:
[0.001, 0.002, 0.003059044806693556]
reactivities:
[-2.8072757038700953, -1.443888324079143, -0.9572574126231359]
828304.necluster.engr.utk.edu

attempted PuGaF volume fractions and reactivities:
volfracs:
[0.001, 0.002, 0.003059044806693556, 0.005142304352360728]
reactivities:
[-2.8072757038700953, -1.443888324079143, -0.9572574126231359, -0.5720032509027229]
828322.necluster.engr.utk.edu

attempted PuGaF volume fractions and reactivities:
volfracs:
[0.001, 0.002, 0.003059044806693556, 0.005142304352360728, 0.008235408466471618]
reactivities:
[-2.8072757038700953, -1.443888324079143, -0.9572574126231359, -0.5720032509027229, -0.345026093506214]
828339.necluster.engr.utk.edu

attempted PuGaF volume fractions and reactivities:
volfracs:
[0.001, 0.002, 0.003059044806693556, 0.005142304352360728, 0.008235408466471618, 0.012937210363811328]
reactivities:
[-2.8072757038700953, -1.443888324079143, -0.9572574126231359, -0.5720032509027229, -0.345026093506214, -0.19424089271895215]
828356.necluster.engr.utk.edu

attempted PuGaF volume fractions and reactivities:
volfracs:
[0.001, 0.002, 0.003059044806693556, 0.005142304352360728, 0.008235408466471618, 0.012937210363811328, 0.01899405276716794]
reactivities:
[-2.8072757038700953, -1.443888324079143, -0.9572574126231359, -0.5720032509027229, -0.345026093506214, -0.19424089271895215, -0.09960678061525198]
828373.necluster.engr.utk.edu

attempted PuGaF volume fractions and reactivities:
volfracs:
[0.001, 0.002, 0.003059044806693556, 0.005142304352360728, 0.008235408466471618, 0.012937210363811328, 0.01899405276716794, 0.025369159576763174]
reactivities:
[-2.8072757038700953, -1.443888324079143, -0.9572574126231359, -0.5720032509027229, -0.345026093506214, -0.19424089271895215, -0.09960678061525198, -0.040842666222573855]
828390.necluster.engr.utk.edu

attempted PuGaF volume fractions and reactivities:
volfracs:
[0.001, 0.002, 0.003059044806693556, 0.005142304352360728, 0.008235408466471618, 0.012937210363811328, 0.01899405276716794, 0.025369159576763174, 0.029800033116652653]
reactivities:
[-2.8072757038700953, -1.443888324079143, -0.9572574126231359, -0.5720032509027229, -0.345026093506214, -0.19424089271895215, -0.09960678061525198, -0.040842666222573855, -0.012368101091029137]
828408.necluster.engr.utk.edu

attempted PuGaF volume fractions and reactivities:
volfracs:
[0.001, 0.002, 0.003059044806693556, 0.005142304352360728, 0.008235408466471618, 0.012937210363811328, 0.01899405276716794, 0.025369159576763174, 0.029800033116652653, 0.03172461007190206]
reactivities:
[-2.8072757038700953, -1.443888324079143, -0.9572574126231359, -0.5720032509027229, -0.345026093506214, -0.19424089271895215, -0.09960678061525198, -0.040842666222573855, -0.012368101091029137, -0.0022560784325516767]
828417.necluster.engr.utk.edu

attempted PuGaF volume fractions and reactivities:
volfracs:
[0.001, 0.002, 0.003059044806693556, 0.005142304352360728, 0.008235408466471618, 0.012937210363811328, 0.01899405276716794, 0.025369159576763174, 0.029800033116652653, 0.03172461007190206, 0.03215399959239369]
reactivities:
[-2.8072757038700953, -1.443888324079143, -0.9572574126231359, -0.5720032509027229, -0.345026093506214, -0.19424089271895215, -0.09960678061525198, -0.040842666222573855, -0.012368101091029137, -0.0022560784325516767, 0.0011187470033562508]
828420.necluster.engr.utk.edu

attempted PuGaF volume fractions and reactivities:
volfracs:
[0.001, 0.002, 0.003059044806693556, 0.005142304352360728, 0.008235408466471618, 0.012937210363811328, 0.01899405276716794, 0.025369159576763174, 0.029800033116652653, 0.03172461007190206, 0.03215399959239369, 0.03201165793696719]
reactivities:
[-2.8072757038700953, -1.443888324079143, -0.9572574126231359, -0.5720032509027229, -0.345026093506214, -0.19424089271895215, -0.09960678061525198, -0.040842666222573855, -0.012368101091029137, -0.0022560784325516767, 0.0011187470033562508, -0.000337113607285687]
job started at Mon Jan  2 05:59:48 2017 and ended at Mon Jan  2 07:00:28 2017
