crit search on 0.2 volfrac thorium
using default requested amount of memory, None 
0
using default requested amount of memory, None 
0
828261.necluster.engr.utk.edu

828262.necluster.engr.utk.edu

828285.necluster.engr.utk.edu

attempted PuGaF volume fractions and reactivities:
volfracs:
[0.001, 0.002, 0.003048529332596664]
reactivities:
[-2.634077471263532, -1.348239172856234, -0.891167114873273]
828301.necluster.engr.utk.edu

attempted PuGaF volume fractions and reactivities:
volfracs:
[0.001, 0.002, 0.003048529332596664, 0.0050928784540758875]
reactivities:
[-2.634077471263532, -1.348239172856234, -0.891167114873273, -0.5291151163733059]
828318.necluster.engr.utk.edu

attempted PuGaF volume fractions and reactivities:
volfracs:
[0.001, 0.002, 0.003048529332596664, 0.0050928784540758875, 0.008080559858406661]
reactivities:
[-2.634077471263532, -1.348239172856234, -0.891167114873273, -0.5291151163733059, -0.31586911839400805]
828335.necluster.engr.utk.edu

attempted PuGaF volume fractions and reactivities:
volfracs:
[0.001, 0.002, 0.003048529332596664, 0.0050928784540758875, 0.008080559858406661, 0.01250604169708459]
reactivities:
[-2.634077471263532, -1.348239172856234, -0.891167114873273, -0.5291151163733059, -0.31586911839400805, -0.17629206861546892]
828354.necluster.engr.utk.edu

attempted PuGaF volume fractions and reactivities:
volfracs:
[0.001, 0.002, 0.003048529332596664, 0.0050928784540758875, 0.008080559858406661, 0.01250604169708459, 0.01809562357461098]
reactivities:
[-2.634077471263532, -1.348239172856234, -0.891167114873273, -0.5291151163733059, -0.31586911839400805, -0.17629206861546892, -0.08742576959840286]
828371.necluster.engr.utk.edu

attempted PuGaF volume fractions and reactivities:
volfracs:
[0.001, 0.002, 0.003048529332596664, 0.0050928784540758875, 0.008080559858406661, 0.01250604169708459, 0.01809562357461098, 0.023594597907751418]
reactivities:
[-2.634077471263532, -1.348239172856234, -0.891167114873273, -0.5291151163733059, -0.31586911839400805, -0.17629206861546892, -0.08742576959840286, -0.03517954153968466]
828388.necluster.engr.utk.edu

attempted PuGaF volume fractions and reactivities:
volfracs:
[0.001, 0.002, 0.003048529332596664, 0.0050928784540758875, 0.008080559858406661, 0.01250604169708459, 0.01809562357461098, 0.023594597907751418, 0.027297284267443427]
reactivities:
[-2.634077471263532, -1.348239172856234, -0.891167114873273, -0.5291151163733059, -0.31586911839400805, -0.17629206861546892, -0.08742576959840286, -0.03517954153968466, -0.007702880820995675]
828405.necluster.engr.utk.edu

attempted PuGaF volume fractions and reactivities:
volfracs:
[0.001, 0.002, 0.003048529332596664, 0.0050928784540758875, 0.008080559858406661, 0.01250604169708459, 0.01809562357461098, 0.023594597907751418, 0.027297284267443427, 0.02833530530057553]
reactivities:
[-2.634077471263532, -1.348239172856234, -0.891167114873273, -0.5291151163733059, -0.31586911839400805, -0.17629206861546892, -0.08742576959840286, -0.03517954153968466, -0.007702880820995675, -0.0017390189368743736]
828416.necluster.engr.utk.edu

attempted PuGaF volume fractions and reactivities:
volfracs:
[0.001, 0.002, 0.003048529332596664, 0.0050928784540758875, 0.008080559858406661, 0.01250604169708459, 0.01809562357461098, 0.023594597907751418, 0.027297284267443427, 0.02833530530057553, 0.02863798471679353]
reactivities:
[-2.634077471263532, -1.348239172856234, -0.891167114873273, -0.5291151163733059, -0.31586911839400805, -0.17629206861546892, -0.08742576959840286, -0.03517954153968466, -0.007702880820995675, -0.0017390189368743736, -0.000325105659339305]
job started at Mon Jan  2 05:59:43 2017 and ended at Mon Jan  2 06:56:58 2017
