crit search on 0.18 volfrac thorium
using default requested amount of memory, None 
0
using default requested amount of memory, None 
0
828257.necluster.engr.utk.edu

828258.necluster.engr.utk.edu

828283.necluster.engr.utk.edu

attempted PuGaF volume fractions and reactivities:
volfracs:
[0.001, 0.002, 0.003030995387991075]
reactivities:
[-2.470017315386403, -1.2538563482117904, -0.8311496873311911]
828300.necluster.engr.utk.edu

attempted PuGaF volume fractions and reactivities:
volfracs:
[0.001, 0.002, 0.003030995387991075, 0.005058196692516369]
reactivities:
[-2.470017315386403, -1.2538563482117904, -0.8311496873311911, -0.48571853062437326]
828317.necluster.engr.utk.edu

attempted PuGaF volume fractions and reactivities:
volfracs:
[0.001, 0.002, 0.003030995387991075, 0.005058196692516369, 0.00790869011152649]
reactivities:
[-2.470017315386403, -1.2538563482117904, -0.8311496873311911, -0.48571853062437326, -0.2898465856471031]
828333.necluster.engr.utk.edu

attempted PuGaF volume fractions and reactivities:
volfracs:
[0.001, 0.002, 0.003030995387991075, 0.005058196692516369, 0.00790869011152649, 0.01212678160495347]
reactivities:
[-2.470017315386403, -1.2538563482117904, -0.8311496873311911, -0.48571853062437326, -0.2898465856471031, -0.1570404755899171]
828350.necluster.engr.utk.edu

attempted PuGaF volume fractions and reactivities:
volfracs:
[0.001, 0.002, 0.003030995387991075, 0.005058196692516369, 0.00790869011152649, 0.01212678160495347, 0.017114587466628993]
reactivities:
[-2.470017315386403, -1.2538563482117904, -0.8311496873311911, -0.48571853062437326, -0.2898465856471031, -0.1570404755899171, -0.07624901388684102]
828365.necluster.engr.utk.edu

attempted PuGaF volume fractions and reactivities:
volfracs:
[0.001, 0.002, 0.003030995387991075, 0.005058196692516369, 0.00790869011152649, 0.01212678160495347, 0.017114587466628993, 0.02182195716133132]
reactivities:
[-2.470017315386403, -1.2538563482117904, -0.8311496873311911, -0.48571853062437326, -0.2898465856471031, -0.1570404755899171, -0.07624901388684102, -0.027945732688879933]
828380.necluster.engr.utk.edu

attempted PuGaF volume fractions and reactivities:
volfracs:
[0.001, 0.002, 0.003030995387991075, 0.005058196692516369, 0.00790869011152649, 0.01212678160495347, 0.017114587466628993, 0.02182195716133132, 0.024545393165952854]
reactivities:
[-2.470017315386403, -1.2538563482117904, -0.8311496873311911, -0.48571853062437326, -0.2898465856471031, -0.1570404755899171, -0.07624901388684102, -0.027945732688879933, -0.006934759689984902]
828397.necluster.engr.utk.edu

attempted PuGaF volume fractions and reactivities:
volfracs:
[0.001, 0.002, 0.003030995387991075, 0.005058196692516369, 0.00790869011152649, 0.01212678160495347, 0.017114587466628993, 0.02182195716133132, 0.024545393165952854, 0.025444274632513027]
reactivities:
[-2.470017315386403, -1.2538563482117904, -0.8311496873311911, -0.48571853062437326, -0.2898465856471031, -0.1570404755899171, -0.07624901388684102, -0.027945732688879933, -0.006934759689984902, -0.0011974321288260507]
828410.necluster.engr.utk.edu

attempted PuGaF volume fractions and reactivities:
volfracs:
[0.001, 0.002, 0.003030995387991075, 0.005058196692516369, 0.00790869011152649, 0.01212678160495347, 0.017114587466628993, 0.02182195716133132, 0.024545393165952854, 0.025444274632513027, 0.0256318793206874]
reactivities:
[-2.470017315386403, -1.2538563482117904, -0.8311496873311911, -0.48571853062437326, -0.2898465856471031, -0.1570404755899171, -0.07624901388684102, -0.027945732688879933, -0.006934759689984902, -0.0011974321288260507, 0.0002699271196776795]
job started at Mon Jan  2 05:59:37 2017 and ended at Mon Jan  2 06:54:49 2017
