crit search on 0.16 volfrac thorium
using default requested amount of memory, None 
0
using default requested amount of memory, None 
0
828253.necluster.engr.utk.edu

828254.necluster.engr.utk.edu

828281.necluster.engr.utk.edu

attempted PuGaF volume fractions and reactivities:
volfracs:
[0.001, 0.002, 0.0030162779260779]
reactivities:
[-2.3131891433418152, -1.1659320547114438, -0.7657674201784838]
828299.necluster.engr.utk.edu

attempted PuGaF volume fractions and reactivities:
volfracs:
[0.001, 0.002, 0.0030162779260779, 0.004961058794945294]
reactivities:
[-2.3131891433418152, -1.1659320547114438, -0.7657674201784838, -0.4506229700344812]
828316.necluster.engr.utk.edu

attempted PuGaF volume fractions and reactivities:
volfracs:
[0.001, 0.002, 0.0030162779260779, 0.004961058794945294, 0.007741888128271066]
reactivities:
[-2.3131891433418152, -1.1659320547114438, -0.7657674201784838, -0.4506229700344812, -0.26161792405817064]
828334.necluster.engr.utk.edu

attempted PuGaF volume fractions and reactivities:
volfracs:
[0.001, 0.002, 0.0030162779260779, 0.004961058794945294, 0.007741888128271066, 0.011591070003743008]
reactivities:
[-2.3131891433418152, -1.1659320547114438, -0.7657674201784838, -0.4506229700344812, -0.26161792405817064, -0.14021965191374464]
828351.necluster.engr.utk.edu

attempted PuGaF volume fractions and reactivities:
volfracs:
[0.001, 0.002, 0.0030162779260779, 0.004961058794945294, 0.007741888128271066, 0.011591070003743008, 0.016037022431214625]
reactivities:
[-2.3131891433418152, -1.1659320547114438, -0.7657674201784838, -0.4506229700344812, -0.26161792405817064, -0.14021965191374464, -0.06484138655126623]
828369.necluster.engr.utk.edu

attempted PuGaF volume fractions and reactivities:
volfracs:
[0.001, 0.002, 0.0030162779260779, 0.004961058794945294, 0.007741888128271066, 0.011591070003743008, 0.016037022431214625, 0.019861489849666625]
reactivities:
[-2.3131891433418152, -1.1659320547114438, -0.7657674201784838, -0.4506229700344812, -0.26161792405817064, -0.14021965191374464, -0.06484138655126623, -0.023605363282661454]
828386.necluster.engr.utk.edu

attempted PuGaF volume fractions and reactivities:
volfracs:
[0.001, 0.002, 0.0030162779260779, 0.004961058794945294, 0.007741888128271066, 0.011591070003743008, 0.016037022431214625, 0.019861489849666625, 0.022050787837671094]
reactivities:
[-2.3131891433418152, -1.1659320547114438, -0.7657674201784838, -0.4506229700344812, -0.26161792405817064, -0.14021965191374464, -0.06484138655126623, -0.023605363282661454, -0.0049998743750156545]
828402.necluster.engr.utk.edu

attempted PuGaF volume fractions and reactivities:
volfracs:
[0.001, 0.002, 0.0030162779260779, 0.004961058794945294, 0.007741888128271066, 0.011591070003743008, 0.016037022431214625, 0.019861489849666625, 0.022050787837671094, 0.022639120397155658]
reactivities:
[-2.3131891433418152, -1.1659320547114438, -0.7657674201784838, -0.4506229700344812, -0.26161792405817064, -0.14021965191374464, -0.06484138655126623, -0.023605363282661454, -0.0049998743750156545, -0.0010982047305894713]
828412.necluster.engr.utk.edu

attempted PuGaF volume fractions and reactivities:
volfracs:
[0.001, 0.002, 0.0030162779260779, 0.004961058794945294, 0.007741888128271066, 0.011591070003743008, 0.016037022431214625, 0.019861489849666625, 0.022050787837671094, 0.022639120397155658, 0.022804718630442467]
reactivities:
[-2.3131891433418152, -1.1659320547114438, -0.7657674201784838, -0.4506229700344812, -0.26161792405817064, -0.14021965191374464, -0.06484138655126623, -0.023605363282661454, -0.0049998743750156545, -0.0010982047305894713, 0.0003298911359250862]
job started at Mon Jan  2 05:59:32 2017 and ended at Mon Jan  2 06:55:18 2017
