
 --- Table  1: Summary of material compositions: 

 7 materials included in calculation


Material "fuel":

 - Material is included in majorant
 - Material is included in geometry
 - Atom density 6.0671E-02 1/barn*cm
 - Mass density 2.5725E+00 g/cm3
 - Volume 2.0036E+07 cm3
 - Mass 5.1544E+07 g
 - Photon emission rate 0.0000E+00 1/s
 - 1467 nuclides in composition
 - No nuclides associated with S(a,b) data
 - 20.73 Mb of memory allocated for data
 - Inflow from materials: Thmetal
 - Outflow to materials: offgas

Isotopic composition (non-zero densities):

-------------------------------------------------------------------
 Nuclide    a. weight   temp      a. dens      a. frac      m. frac
-------------------------------------------------------------------
  9019.09c   18.99820  900.0  3.13160E-02  5.16164E-01  3.84040E-01    
 11023.09c   22.98949  900.0  2.00769E-02  3.30917E-01  2.97937E-01    
 19039.09c   38.96402  900.0  8.02430E-03  1.32260E-01  2.01822E-01    
 19040.09c   39.96401  900.0  1.00671E-06  1.65931E-05  2.59701E-05    
 19041.09c   40.96198  900.0  5.79093E-04  9.54487E-03  1.53118E-02    
 31069.09c   68.92571  900.0  1.14941E-06  1.89451E-05  5.11394E-05    
 31071.09c   70.92428  900.0  1.14941E-06  1.89451E-05  5.26222E-05    
 90232.09c  232.03833  900.0  6.15823E-04  1.01503E-02  9.22388E-02    
 94239.09c  239.05218  900.0  5.18693E-05  8.54934E-04  8.00390E-03    
 94240.09c  240.05420  900.0  3.33245E-06  5.49269E-05  5.16381E-04    
       sum                    6.06706E-02  1.00000E+00  1.00000E+00
-------------------------------------------------------------------

Material "Umetal":

 - Material is not included in majorant
 - Material is included in geometry
 - Atom density 4.8323E-02 1/barn*cm
 - Mass density 1.9100E+01 g/cm3
 - Volume 1.0000E+06 cm3
 - Mass 1.9100E+07 g
 - Photon emission rate 0.0000E+00 1/s
 - 1358 nuclides in composition
 - No nuclides associated with S(a,b) data
 - 20.64 Mb of memory allocated for data
 - Inflow from materials: dummy

Isotopic composition (non-zero densities):

-------------------------------------------------------------------
 Nuclide    a. weight   temp      a. dens      a. frac      m. frac
-------------------------------------------------------------------
 92235.09c  235.04395  900.0  3.47926E-04  7.20000E-03  7.10970E-03    
 92238.09c  238.05078  900.0  4.79751E-02  9.92800E-01  9.92890E-01    
       sum                    4.83231E-02  1.00000E+00  1.00000E+00
-------------------------------------------------------------------

Material "Thmetal":

 - Material is not included in majorant
 - Material is included in geometry
 - Atom density 8.3872E-02 1/barn*cm
 - Mass density 3.2317E+01 g/cm3
 - Volume 1.0000E+06 cm3
 - Mass 3.2317E+07 g
 - Photon emission rate 0.0000E+00 1/s
 - 1467 nuclides in composition
 - No nuclides associated with S(a,b) data
 - 20.73 Mb of memory allocated for data
 - Outflow to materials: fuel

Isotopic composition (non-zero densities):

-------------------------------------------------------------------
 Nuclide    a. weight   temp      a. dens      a. frac      m. frac
-------------------------------------------------------------------
 90232.09c  232.03833  900.0  8.38721E-02  1.00000E+00  1.00000E+00    
       sum                    8.38721E-02  1.00000E+00  1.00000E+00
-------------------------------------------------------------------

Material "offgas":

 - Material is not included in majorant
 - Material is included in geometry
 - Atom density 0.0000E+00 1/barn*cm
 - Mass density 0.0000E+00 g/cm3
 - Volume 1.0000E+06 cm3
 - Mass 0.0000E+00 g
 - Photon emission rate 0.0000E+00 1/s
 - 1467 nuclides in composition
 - No nuclides associated with S(a,b) data
 - 20.73 Mb of memory allocated for data
 - Inflow from materials: fuel

Isotopic composition (non-zero densities):

-------------------------------------------------------------------
 Nuclide    a. weight   temp      a. dens      a. frac      m. frac
-------------------------------------------------------------------
       sum                    0.00000E+00  0.00000E+00  0.00000E+00
-------------------------------------------------------------------

Material "dummy":

 - Material is not included in majorant
 - Material is included in geometry
 - Atom density 0.0000E+00 1/barn*cm
 - Mass density 0.0000E+00 g/cm3
 - Volume 1.0000E+00 cm3
 - Mass 0.0000E+00 g
 - Photon emission rate 0.0000E+00 1/s
 - 1358 nuclides in composition
 - No nuclides associated with S(a,b) data
 - 20.64 Mb of memory allocated for data
 - Outflow to materials: Umetal

Isotopic composition (non-zero densities):

-------------------------------------------------------------------
 Nuclide    a. weight   temp      a. dens      a. frac      m. frac
-------------------------------------------------------------------
       sum                    0.00000E+00  0.00000E+00  0.00000E+00
-------------------------------------------------------------------

Material "mod":

 - Material is included in majorant
 - Material is included in geometry
 - Atom density 3.2815E-02 1/barn*cm
 - Mass density 6.5396E-01 g/cm3
 - Volume 0.0000E+00 cm3
 - Mass 0.0000E+00 g
 - Photon emission rate 0.0000E+00 1/s
 - 3 nuclides in composition
 - 1 nuclides associated with S(a,b) data
 - 9.89 Mb of memory allocated for data

Isotopic composition (non-zero densities):

-------------------------------------------------------------------
 Nuclide    a. weight   temp      a. dens      a. frac      m. frac
-------------------------------------------------------------------
  5010.09c   10.01294  900.0  1.31261E-08  4.00000E-07  3.33734E-07    
  5011.09c   11.00928  900.0  5.25044E-08  1.60000E-06  1.46777E-06    
  6000.09s   12.00110  900.0  3.28152E-02  9.99998E-01  9.99998E-01 (s)
       sum                    3.28152E-02  1.00000E+00  1.00000E+00
-------------------------------------------------------------------

Material "tank":

 - Material is included in majorant
 - Material is included in geometry
 - Atom density 8.7053E-02 1/barn*cm
 - Mass density 8.8602E+00 g/cm3
 - Volume 0.0000E+00 cm3
 - Mass 0.0000E+00 g
 - Photon emission rate 0.0000E+00 1/s
 - 30 nuclides in composition
 - No nuclides associated with S(a,b) data
 - 9.92 Mb of memory allocated for data

Isotopic composition (non-zero densities):

-------------------------------------------------------------------
 Nuclide    a. weight   temp      a. dens      a. frac      m. frac
-------------------------------------------------------------------
 14030.09c   29.97349  900.0  5.49549E-05  6.31283E-04  3.08715E-04    
 74186.09c  185.95747  900.0  4.07872E-05  4.68534E-04  1.42151E-03    
 25055.09c   54.93805  900.0  7.76962E-04  8.92519E-03  7.99995E-03    
 74184.09c  183.95022  900.0  4.44365E-05  5.10455E-04  1.53198E-03    
 74183.09c  182.95166  900.0  2.08670E-05  2.39705E-04  7.15501E-04    
 74182.09c  181.95307  900.0  3.88554E-05  4.46343E-04  1.32503E-03    
 28058.09c   57.93570  900.0  4.34802E-02  4.99470E-01  4.72120E-01    
 26058.09c   57.93368  900.0  1.29860E-05  1.49174E-04  1.41000E-04    
 42092.09c   91.90683  900.0  1.37844E-03  1.58346E-02  2.37439E-02    
 42094.09c   93.90509  900.0  8.40922E-04  9.65992E-03  1.47999E-02    
 42095.09c   94.90589  900.0  1.43203E-03  1.64502E-02  2.54718E-02    
 42100.09c   99.90726  900.0  8.22870E-04  9.45255E-03  1.54079E-02    
 42097.09c   96.90598  900.0  8.41309E-04  9.66437E-03  1.52799E-02    
 42098.09c   97.90536  900.0  2.10404E-03  2.41697E-02  3.86077E-02    
 26056.09c   55.93451  900.0  4.37618E-03  5.02704E-02  4.58764E-02    
 26057.09c   56.93510  900.0  9.92891E-05  1.14056E-03  1.05949E-03    
 26054.09c   53.93937  900.0  2.89088E-04  3.32084E-03  2.92247E-03    
 42096.09c   95.90467  900.0  1.48477E-03  1.70560E-02  2.66878E-02    
 14028.09c   27.97734  900.0  1.75895E-03  2.02056E-02  9.22305E-03    
 14029.09c   28.97693  900.0  8.62342E-05  9.90598E-04  4.68324E-04    
 24050.09c   49.94606  900.0  3.24915E-04  3.73239E-03  3.04148E-03    
 24052.09c   51.94019  900.0  6.02507E-03  6.92117E-02  5.86516E-02    
 24053.09c   52.94079  900.0  6.70287E-04  7.69979E-03  6.65067E-03    
 24054.09c   53.93937  900.0  1.63761E-04  1.88117E-03  1.65550E-03    
 29065.09c   64.92777  900.0  8.86735E-05  1.01862E-03  1.07904E-03    
 29063.09c   62.92960  900.0  2.05264E-04  2.35793E-03  2.42093E-03    
 28064.09c   63.92818  900.0  5.35757E-04  6.15440E-03  6.41911E-03    
 28061.09c   60.93143  900.0  6.92251E-04  7.95209E-03  7.90532E-03    
 28060.09c   59.93084  900.0  1.61909E-02  1.85989E-01  1.81859E-01    
 28062.09c   61.92799  900.0  2.17165E-03  2.49464E-02  2.52053E-02    
       sum                    8.70527E-02  1.00000E+00  1.00000E+00
-------------------------------------------------------------------
